<?xml version="1.0" encoding="utf-8"?><testsuites><testsuite name="pytest" errors="0" failures="0" skipped="0" tests="212" time="6.875" timestamp="2024-10-21T07:28:28.713759-05:00" hostname="Geordi.local"><testcase classname="tests.test_address_groups" name="test_list_address_groups" file="tests/test_address_groups.py" line="11" time="0.023" /><testcase classname="tests.test_address_groups" name="test_create_address_group_with_dynamic_filter" file="tests/test_address_groups.py" line="97" time="0.001" /><testcase classname="tests.test_address_groups" name="test_create_address_group_with_static_entries" file="tests/test_address_groups.py" line="130" time="0.001" /><testcase classname="tests.test_address_groups" name="test_get_address_group" file="tests/test_address_groups.py" line="162" time="0.001" /><testcase classname="tests.test_address_groups" name="test_update_address_group" file="tests/test_address_groups.py" line="191" time="0.001" /><testcase classname="tests.test_address_groups" name="test_address_group_list_validation_error" file="tests/test_address_groups.py" line="229" time="0.001" /><testcase classname="tests.test_address_groups" name="test_address_group_list_with_filters" file="tests/test_address_groups.py" line="243" time="0.001" /><testcase classname="tests.test_address_groups" name="test_address_group_list_with_types_filter" file="tests/test_address_groups.py" line="287" time="0.001" /><testcase classname="tests.test_address_groups" name="test_address_group_list_with_values_filter" file="tests/test_address_groups.py" line="331" time="0.001" /><testcase classname="tests.test_address_groups" name="test_address_group_request_model_invalid_uuid" file="tests/test_address_groups.py" line="367" time="0.000" /><testcase classname="tests.test_address_groups" name="test_address_group_request_model_no_type_provided" file="tests/test_address_groups.py" line="380" time="0.000" /><testcase classname="tests.test_address_groups" name="test_address_group_request_model_both_types_provided" file="tests/test_address_groups.py" line="393" time="0.010" /><testcase classname="tests.test_address_groups" name="test_address_group_request_model_no_container_provided" file="tests/test_address_groups.py" line="408" time="0.000" /><testcase classname="tests.test_address_groups" name="test_address_group_request_model_multiple_containers_provided" file="tests/test_address_groups.py" line="422" time="0.000" /><testcase classname="tests.test_address_groups" name="test_address_group_response_model_invalid_uuid" file="tests/test_address_groups.py" line="438" time="0.000" /><testcase classname="tests.test_address_groups" name="test_address_group_response_model_no_type_provided" file="tests/test_address_groups.py" line="451" time="0.000" /><testcase classname="tests.test_address_groups" name="test_address_group_request_model_with_device_container" file="tests/test_address_groups.py" line="465" time="0.000" /><testcase classname="tests.test_address_groups" name="test_address_group_request_model_multiple_containers_with_device" file="tests/test_address_groups.py" line="476" time="0.000" /><testcase classname="tests.test_addresses" name="test_list_addresses" file="tests/test_addresses.py" line="12" time="0.001" /><testcase classname="tests.test_addresses" name="test_create_addresses" file="tests/test_addresses.py" line="54" time="0.002" /><testcase classname="tests.test_addresses" name="test_get_address" file="tests/test_addresses.py" line="83" time="0.001" /><testcase classname="tests.test_addresses" name="test_update_address" file="tests/test_addresses.py" line="109" time="0.001" /><testcase classname="tests.test_addresses" name="test_address_list_validation_error" file="tests/test_addresses.py" line="146" time="0.001" /><testcase classname="tests.test_addresses" name="test_address_list_with_filters" file="tests/test_addresses.py" line="160" time="0.001" /><testcase classname="tests.test_addresses" name="test_address_list_with_types_filter" file="tests/test_addresses.py" line="204" time="0.001" /><testcase classname="tests.test_addresses" name="test_address_list_with_values_filter" file="tests/test_addresses.py" line="248" time="0.001" /><testcase classname="tests.test_addresses" name="test_address_request_model_invalid_uuid" file="tests/test_addresses.py" line="284" time="0.000" /><testcase classname="tests.test_addresses" name="test_address_request_model_no_address_type_provided" file="tests/test_addresses.py" line="297" time="0.000" /><testcase classname="tests.test_addresses" name="test_address_request_model_multiple_address_types_provided" file="tests/test_addresses.py" line="311" time="0.000" /><testcase classname="tests.test_addresses" name="test_address_request_model_no_container_provided" file="tests/test_addresses.py" line="327" time="0.000" /><testcase classname="tests.test_addresses" name="test_address_request_model_multiple_containers_provided" file="tests/test_addresses.py" line="340" time="0.000" /><testcase classname="tests.test_addresses" name="test_address_response_model_invalid_uuid" file="tests/test_addresses.py" line="355" time="0.000" /><testcase classname="tests.test_addresses" name="test_address_request_model_with_device_container" file="tests/test_addresses.py" line="368" time="0.000" /><testcase classname="tests.test_addresses" name="test_address_request_model_multiple_containers_with_device" file="tests/test_addresses.py" line="379" time="0.000" /><testcase classname="tests.test_addresses" name="test_address_request_model_validation" file="tests/test_addresses.py" line="394" time="0.000" /><testcase classname="tests.test_addresses" name="test_address_request_model_address_type_validation" file="tests/test_addresses.py" line="487" time="0.000" /><testcase classname="tests.test_anti_spyware_profiles" name="test_list_anti_spyware_profiles" file="tests/test_anti_spyware_profiles.py" line="23" time="0.001" /><testcase classname="tests.test_anti_spyware_profiles" name="test_create_anti_spyware_profile" file="tests/test_anti_spyware_profiles.py" line="95" time="0.001" /><testcase classname="tests.test_anti_spyware_profiles" name="test_get_anti_spyware_profile" file="tests/test_anti_spyware_profiles.py" line="175" time="0.001" /><testcase classname="tests.test_anti_spyware_profiles" name="test_update_anti_spyware_profile" file="tests/test_anti_spyware_profiles.py" line="209" time="0.001" /><testcase classname="tests.test_anti_spyware_profiles" name="test_delete_anti_spyware_profile" file="tests/test_anti_spyware_profiles.py" line="273" time="0.001" /><testcase classname="tests.test_anti_spyware_profiles" name="test_anti_spyware_profile_list_validation_error" file="tests/test_anti_spyware_profiles.py" line="295" time="0.001" /><testcase classname="tests.test_anti_spyware_profiles" name="test_anti_spyware_profile_request_model_validation_errors" file="tests/test_anti_spyware_profiles.py" line="312" time="0.000" /><testcase classname="tests.test_anti_spyware_profiles" name="test_rule_request_model_validation" file="tests/test_anti_spyware_profiles.py" line="371" time="0.000" /><testcase classname="tests.test_anti_spyware_profiles" name="test_threat_exception_request_model_validation" file="tests/test_anti_spyware_profiles.py" line="396" time="0.000" /><testcase classname="tests.test_anti_spyware_profiles" name="test_list_anti_spyware_profiles_with_pagination" file="tests/test_anti_spyware_profiles.py" line="422" time="0.001" /><testcase classname="tests.test_anti_spyware_profiles" name="test_list_anti_spyware_profiles_with_name_filter" file="tests/test_anti_spyware_profiles.py" line="464" time="0.001" /><testcase classname="tests.test_anti_spyware_profiles" name="test_list_anti_spyware_profiles_with_all_parameters" file="tests/test_anti_spyware_profiles.py" line="506" time="0.001" /><testcase classname="tests.test_anti_spyware_profiles" name="test_anti_spyware_profile_list_with_invalid_pagination" file="tests/test_anti_spyware_profiles.py" line="543" time="0.001" /><testcase classname="tests.test_anti_spyware_profiles" name="test_action_request_check_and_transform_action" file="tests/test_anti_spyware_profiles.py" line="563" time="0.001" /><testcase classname="tests.test_anti_spyware_profiles" name="test_action_request_get_action_name" file="tests/test_anti_spyware_profiles.py" line="591" time="0.000" /><testcase classname="tests.test_anti_spyware_profiles" name="test_action_response_check_action" file="tests/test_anti_spyware_profiles.py" line="599" time="0.000" /><testcase classname="tests.test_anti_spyware_profiles" name="test_action_response_get_action_name" file="tests/test_anti_spyware_profiles.py" line="625" time="0.000" /><testcase classname="tests.test_api" name="test_auth" file="tests/test_api.py" line="8" time="6.235" /><testcase classname="tests.test_application_groups" name="test_list_application_groups" file="tests/test_application_groups.py" line="14" time="0.002" /><testcase classname="tests.test_application_groups" name="test_create_application_group" file="tests/test_application_groups.py" line="126" time="0.002" /><testcase classname="tests.test_application_groups" name="test_get_application_group" file="tests/test_application_groups.py" line="155" time="0.003" /><testcase classname="tests.test_application_groups" name="test_update_application_group" file="tests/test_application_groups.py" line="187" time="0.002" /><testcase classname="tests.test_application_groups" name="test_application_group_list_validation_error" file="tests/test_application_groups.py" line="234" time="0.001" /><testcase classname="tests.test_application_groups" name="test_application_group_list_with_types_filter" file="tests/test_application_groups.py" line="248" time="0.001" /><testcase classname="tests.test_application_groups" name="test_application_group_list_with_values_filter" file="tests/test_application_groups.py" line="354" time="0.001" /><testcase classname="tests.test_application_groups" name="test_application_group_list_with_names_filter" file="tests/test_application_groups.py" line="460" time="0.001" /><testcase classname="tests.test_application_groups" name="test_application_group_request_model_no_container_provided" file="tests/test_application_groups.py" line="510" time="0.000" /><testcase classname="tests.test_application_groups" name="test_application_request_model_multiple_containers_provided" file="tests/test_application_groups.py" line="524" time="0.000" /><testcase classname="tests.test_application_groups" name="test_application_group_response_model_invalid_uuid" file="tests/test_application_groups.py" line="540" time="0.000" /><testcase classname="tests.test_applications" name="test_list_applications" file="tests/test_applications.py" line="10" time="0.001" /><testcase classname="tests.test_applications" name="test_create_application" file="tests/test_applications.py" line="104" time="0.001" /><testcase classname="tests.test_applications" name="test_get_application" file="tests/test_applications.py" line="152" time="0.001" /><testcase classname="tests.test_applications" name="test_update_application" file="tests/test_applications.py" line="180" time="0.001" /><testcase classname="tests.test_applications" name="test_application_list_validation_error" file="tests/test_applications.py" line="222" time="0.001" /><testcase classname="tests.test_applications" name="test_application_list_with_types_filter" file="tests/test_applications.py" line="236" time="0.001" /><testcase classname="tests.test_applications" name="test_application_list_with_values_filter" file="tests/test_applications.py" line="286" time="0.001" /><testcase classname="tests.test_applications" name="test_application_list_with_names_filter" file="tests/test_applications.py" line="326" time="0.002" /><testcase classname="tests.test_applications" name="test_application_request_model_no_container_provided" file="tests/test_applications.py" line="376" time="0.000" /><testcase classname="tests.test_applications" name="test_application_request_model_multiple_containers_provided" file="tests/test_applications.py" line="392" time="0.000" /><testcase classname="tests.test_auth" name="test_decode_token_success" file="tests/test_auth.py" line="46" time="0.002" /><testcase classname="tests.test_auth" name="test_decode_token_expired" file="tests/test_auth.py" line="58" time="0.002" /><testcase classname="tests.test_auth" name="test_is_expired_false" file="tests/test_auth.py" line="64" time="0.002" /><testcase classname="tests.test_auth" name="test_is_expired_true" file="tests/test_auth.py" line="69" time="0.002" /><testcase classname="tests.test_auth" name="test_refresh_token_success" file="tests/test_auth.py" line="74" time="0.002" /><testcase classname="tests.test_auth" name="test_refresh_token_exception" file="tests/test_auth.py" line="100" time="0.002" /><testcase classname="tests.test_client" name="test_scm_init_value_error" file="tests/test_client.py" line="23" time="0.000" /><testcase classname="tests.test_client" name="test_request_http_error" file="tests/test_client.py" line="34" time="0.001" /><testcase classname="tests.test_client" name="test_request_general_exception" file="tests/test_client.py" line="56" time="0.001" /><testcase classname="tests.test_client" name="test_handle_api_error" file="tests/test_client.py" line="68" time="0.002" /><testcase classname="tests.test_client" name="test_handle_api_error_unknown_status" file="tests/test_client.py" line="208" time="0.000" /><testcase classname="tests.test_client" name="test_get_method" file="tests/test_client.py" line="226" time="0.001" /><testcase classname="tests.test_client" name="test_post_method_token_refresh" file="tests/test_client.py" line="240" time="0.001" /><testcase classname="tests.test_client" name="test_request_http_error_no_content" file="tests/test_client.py" line="256" time="0.001" /><testcase classname="tests.test_client" name="test_request_success" file="tests/test_client.py" line="274" time="0.002" /><testcase classname="tests.test_client" name="test_get_method_token_refresh" file="tests/test_client.py" line="292" time="0.001" /><testcase classname="tests.test_client" name="test_put_method_token_refresh" file="tests/test_client.py" line="308" time="0.001" /><testcase classname="tests.test_client" name="test_delete_method_token_refresh" file="tests/test_client.py" line="324" time="0.001" /><testcase classname="tests.test_client" name="test_request_json_exception" file="tests/test_client.py" line="338" time="0.002" /><testcase classname="tests.test_client" name="test_request_empty_response" file="tests/test_client.py" line="354" time="0.001" /><testcase classname="tests.test_config_baseobject" name="test_baseobject_init" file="tests/test_config_baseobject.py" line="18" time="0.001" /><testcase classname="tests.test_config_baseobject" name="test_baseobject_create" file="tests/test_config_baseobject.py" line="23" time="0.001" /><testcase classname="tests.test_config_baseobject" name="test_baseobject_get" file="tests/test_config_baseobject.py" line="34" time="0.001" /><testcase classname="tests.test_config_baseobject" name="test_baseobject_update" file="tests/test_config_baseobject.py" line="45" time="0.001" /><testcase classname="tests.test_config_baseobject" name="test_baseobject_delete" file="tests/test_config_baseobject.py" line="57" time="0.001" /><testcase classname="tests.test_config_baseobject" name="test_baseobject_list" file="tests/test_config_baseobject.py" line="66" time="0.001" /><testcase classname="tests.test_config_baseobject" name="test_baseobject_list_empty_response" file="tests/test_config_baseobject.py" line="83" time="0.001" /><testcase classname="tests.test_config_baseobject" name="test_baseobject_list_no_filters" file="tests/test_config_baseobject.py" line="93" time="0.001" /><testcase classname="tests.test_config_baseobject" name="test_baseobject_create_api_error" file="tests/test_config_baseobject.py" line="109" time="0.001" /><testcase classname="tests.test_decryption_profiles" name="test_list_decryption_profiles" file="tests/test_decryption_profiles.py" line="20" time="0.001" /><testcase classname="tests.test_decryption_profiles" name="test_create_decryption_profile" file="tests/test_decryption_profiles.py" line="94" time="0.001" /><testcase classname="tests.test_decryption_profiles" name="test_get_decryption_profile" file="tests/test_decryption_profiles.py" line="143" time="0.001" /><testcase classname="tests.test_decryption_profiles" name="test_update_decryption_profile" file="tests/test_decryption_profiles.py" line="185" time="0.001" /><testcase classname="tests.test_decryption_profiles" name="test_delete_decryption_profile" file="tests/test_decryption_profiles.py" line="236" time="0.001" /><testcase classname="tests.test_decryption_profiles" name="test_decryption_profile_request_model_validation_errors" file="tests/test_decryption_profiles.py" line="258" time="0.000" /><testcase classname="tests.test_decryption_profiles" name="test_decryption_profile_list_validation_error" file="tests/test_decryption_profiles.py" line="338" time="0.001" /><testcase classname="tests.test_decryption_profiles" name="test_decryption_profile_list_with_invalid_pagination" file="tests/test_decryption_profiles.py" line="355" time="0.001" /><testcase classname="tests.test_decryption_profiles" name="test_list_decryption_profiles_with_pagination" file="tests/test_decryption_profiles.py" line="371" time="0.001" /><testcase classname="tests.test_decryption_profiles" name="test_decryption_profile_list_with_name_filter" file="tests/test_decryption_profiles.py" line="411" time="0.001" /><testcase classname="tests.test_decryption_profiles" name="test_ssl_protocol_settings_model_validation" file="tests/test_decryption_profiles.py" line="450" time="0.000" /><testcase classname="tests.test_decryption_profiles" name="test_ssl_forward_proxy_model" file="tests/test_decryption_profiles.py" line="506" time="0.000" /><testcase classname="tests.test_decryption_profiles" name="test_ssl_inbound_proxy_model" file="tests/test_decryption_profiles.py" line="528" time="0.000" /><testcase classname="tests.test_decryption_profiles" name="test_ssl_no_proxy_model" file="tests/test_decryption_profiles.py" line="545" time="0.000" /><testcase classname="tests.test_decryption_profiles" name="test_decryption_profile_request_model" file="tests/test_decryption_profiles.py" line="562" time="0.000" /><testcase classname="tests.test_decryption_profiles" name="test_decryption_profile_response_model" file="tests/test_decryption_profiles.py" line="624" time="0.000" /><testcase classname="tests.test_decryption_profiles" name="test_decryption_profiles_response_model" file="tests/test_decryption_profiles.py" line="650" time="0.000" /><testcase classname="tests.test_decryption_profiles" name="test_ssl_protocol_settings_validator_with_max_version_less_than_min_version" file="tests/test_decryption_profiles.py" line="680" time="0.000" /><testcase classname="tests.test_decryption_profiles" name="test_decryption_profile_create_with_invalid_ssl_versions" file="tests/test_decryption_profiles.py" line="693" time="0.002" /><testcase classname="tests.test_dns_security_profiles" name="test_list_dns_security_profiles" file="tests/test_dns_security_profiles.py" line="29" time="0.001" /><testcase classname="tests.test_dns_security_profiles" name="test_create_dns_security_profile" file="tests/test_dns_security_profiles.py" line="176" time="0.001" /><testcase classname="tests.test_dns_security_profiles" name="test_get_dns_security_profile" file="tests/test_dns_security_profiles.py" line="254" time="0.001" /><testcase classname="tests.test_dns_security_profiles" name="test_update_dns_security_profile" file="tests/test_dns_security_profiles.py" line="304" time="0.001" /><testcase classname="tests.test_dns_security_profiles" name="test_delete_dns_security_profile" file="tests/test_dns_security_profiles.py" line="368" time="0.001" /><testcase classname="tests.test_dns_security_profiles" name="test_dns_security_profile_request_model_validation_errors" file="tests/test_dns_security_profiles.py" line="390" time="0.000" /><testcase classname="tests.test_dns_security_profiles" name="test_dns_security_profile_list_validation_error" file="tests/test_dns_security_profiles.py" line="471" time="0.001" /><testcase classname="tests.test_dns_security_profiles" name="test_list_dns_security_profiles_with_pagination" file="tests/test_dns_security_profiles.py" line="488" time="0.001" /><testcase classname="tests.test_dns_security_profiles" name="test_dns_security_profile_list_with_invalid_pagination" file="tests/test_dns_security_profiles.py" line="529" time="0.001" /><testcase classname="tests.test_dns_security_profiles" name="test_list_action_request_validation" file="tests/test_dns_security_profiles.py" line="549" time="0.000" /><testcase classname="tests.test_dns_security_profiles" name="test_list_action_response_validation" file="tests/test_dns_security_profiles.py" line="582" time="0.000" /><testcase classname="tests.test_dns_security_profiles" name="test_list_action_get_action_name" file="tests/test_dns_security_profiles.py" line="613" time="0.000" /><testcase classname="tests.test_dns_security_profiles" name="test_list_dns_security_profiles_with_name_filter" file="tests/test_dns_security_profiles.py" line="627" time="0.001" /><testcase classname="tests.test_dns_security_profiles" name="test_list_action_response_invalid_non_empty_dict" file="tests/test_dns_security_profiles.py" line="666" time="0.000" /><testcase classname="tests.test_models" name="test_address_name_exists" file="tests/test_models.py" line="21" time="0.000" /><testcase classname="tests.test_models" name="test_address_group_name_exists" file="tests/test_models.py" line="33" time="0.000" /><testcase classname="tests.test_models" name="test_address_name_max_length" file="tests/test_models.py" line="48" time="0.000" /><testcase classname="tests.test_models" name="test_address_group_name_max_length" file="tests/test_models.py" line="58" time="0.000" /><testcase classname="tests.test_models" name="test_address_valid_creation" file="tests/test_models.py" line="72" time="0.000" /><testcase classname="tests.test_models" name="test_address_group_static_valid_creation" file="tests/test_models.py" line="88" time="0.000" /><testcase classname="tests.test_models" name="test_address_group_dynamic_valid_creation" file="tests/test_models.py" line="104" time="0.000" /><testcase classname="tests.test_models" name="test_address_creation_with_factory" file="tests/test_models.py" line="133" time="0.000" /><testcase classname="tests.test_models" name="test_address_group_creation_with_factory" file="tests/test_models.py" line="139" time="0.000" /><testcase classname="tests.test_models" name="test_address_single_address_type" file="tests/test_models.py" line="148" time="0.000" /><testcase classname="tests.test_security_rules" name="test_list_security_rules" file="tests/test_security_rules.py" line="15" time="0.001" /><testcase classname="tests.test_security_rules" name="test_create_security_rule" file="tests/test_security_rules.py" line="401" time="0.002" /><testcase classname="tests.test_security_rules" name="test_update_security_rule" file="tests/test_security_rules.py" line="443" time="0.001" /><testcase classname="tests.test_security_rules" name="test_get_security_rule" file="tests/test_security_rules.py" line="485" time="0.001" /><testcase classname="tests.test_security_rules" name="test_delete_security_rule" file="tests/test_security_rules.py" line="523" time="0.001" /><testcase classname="tests.test_security_rules" name="test_security_rule_list_with_invalid_offset_limit" file="tests/test_security_rules.py" line="543" time="0.001" /><testcase classname="tests.test_security_rules" name="test_security_rule_list_no_container_provided" file="tests/test_security_rules.py" line="579" time="0.001" /><testcase classname="tests.test_security_rules" name="test_security_rule_list_multiple_containers_provided" file="tests/test_security_rules.py" line="596" time="0.001" /><testcase classname="tests.test_security_rules" name="test_security_rule_response_model_invalid_uuid" file="tests/test_security_rules.py" line="616" time="0.000" /><testcase classname="tests.test_security_rules" name="test_security_rule_request_model_no_container_provided" file="tests/test_security_rules.py" line="633" time="0.000" /><testcase classname="tests.test_security_rules" name="test_security_rule_request_model_multiple_containers_provided" file="tests/test_security_rules.py" line="649" time="0.000" /><testcase classname="tests.test_security_rules" name="test_security_rule_list_with_name_filter" file="tests/test_security_rules.py" line="667" time="0.001" /><testcase classname="tests.test_security_rules" name="test_security_rule_list_with_additional_filters" file="tests/test_security_rules.py" line="706" time="0.001" /><testcase classname="tests.test_security_rules" name="test_security_rule_list_with_offset_limit" file="tests/test_security_rules.py" line="752" time="0.001" /><testcase classname="tests.test_security_rules" name="test_string_validator" file="tests/test_security_rules.py" line="785" time="0.000" /><testcase classname="tests.test_security_rules" name="test_profile_setting_validate_unique_items" file="tests/test_security_rules.py" line="803" time="0.000" /><testcase classname="tests.test_security_rules" name="test_ensure_list_of_strings_single_string" file="tests/test_security_rules.py" line="817" time="0.000" /><testcase classname="tests.test_security_rules" name="test_ensure_list_of_strings_invalid_type" file="tests/test_security_rules.py" line="833" time="0.000" /><testcase classname="tests.test_security_rules" name="test_ensure_list_of_strings_non_string_items" file="tests/test_security_rules.py" line="848" time="0.000" /><testcase classname="tests.test_security_rules" name="test_ensure_unique_items" file="tests/test_security_rules.py" line="863" time="0.000" /><testcase classname="tests.test_services" name="test_list_services" file="tests/test_services.py" line="12" time="0.001" /><testcase classname="tests.test_services" name="test_create_services" file="tests/test_services.py" line="82" time="0.001" /><testcase classname="tests.test_services" name="test_get_service" file="tests/test_services.py" line="110" time="0.001" /><testcase classname="tests.test_services" name="test_update_service" file="tests/test_services.py" line="143" time="0.001" /><testcase classname="tests.test_services" name="test_service_list_validation_error" file="tests/test_services.py" line="189" time="0.006" /><testcase classname="tests.test_services" name="test_service_list_with_filters" file="tests/test_services.py" line="203" time="0.001" /><testcase classname="tests.test_services" name="test_service_request_model_invalid_uuid" file="tests/test_services.py" line="245" time="0.000" /><testcase classname="tests.test_services" name="test_service_request_model_no_protocol_provided" file="tests/test_services.py" line="258" time="0.000" /><testcase classname="tests.test_services" name="test_service_request_model_multiple_protocols_provided" file="tests/test_services.py" line="269" time="0.000" /><testcase classname="tests.test_services" name="test_service_request_model_no_container_provided" file="tests/test_services.py" line="285" time="0.001" /><testcase classname="tests.test_services" name="test_service_request_model_multiple_containers_provided" file="tests/test_services.py" line="298" time="0.002" /><testcase classname="tests.test_services" name="test_service_response_model_invalid_uuid" file="tests/test_services.py" line="313" time="0.002" /><testcase classname="tests.test_services" name="test_service_request_model_with_device_container" file="tests/test_services.py" line="326" time="0.004" /><testcase classname="tests.test_services" name="test_service_request_model_multiple_containers_with_device" file="tests/test_services.py" line="337" time="0.000" /><testcase classname="tests.test_vulnerability_protection_profiles" name="test_list_vulnerability_protection_profiles" file="tests/test_vulnerability_protection_profiles.py" line="31" time="0.001" /><testcase classname="tests.test_vulnerability_protection_profiles" name="test_create_vulnerability_protection_profile" file="tests/test_vulnerability_protection_profiles.py" line="106" time="0.001" /><testcase classname="tests.test_vulnerability_protection_profiles" name="test_get_vulnerability_protection_profile" file="tests/test_vulnerability_protection_profiles.py" line="189" time="0.001" /><testcase classname="tests.test_vulnerability_protection_profiles" name="test_update_vulnerability_protection_profile" file="tests/test_vulnerability_protection_profiles.py" line="223" time="0.001" /><testcase classname="tests.test_vulnerability_protection_profiles" name="test_delete_vulnerability_protection_profile" file="tests/test_vulnerability_protection_profiles.py" line="293" time="0.001" /><testcase classname="tests.test_vulnerability_protection_profiles" name="test_vulnerability_protection_profile_request_model_validation_errors" file="tests/test_vulnerability_protection_profiles.py" line="315" time="0.000" /><testcase classname="tests.test_vulnerability_protection_profiles" name="test_vulnerability_protection_profile_list_validation_error" file="tests/test_vulnerability_protection_profiles.py" line="374" time="0.001" /><testcase classname="tests.test_vulnerability_protection_profiles" name="test_rule_request_model_validation" file="tests/test_vulnerability_protection_profiles.py" line="391" time="0.000" /><testcase classname="tests.test_vulnerability_protection_profiles" name="test_threat_exception_request_model_validation" file="tests/test_vulnerability_protection_profiles.py" line="416" time="0.000" /><testcase classname="tests.test_vulnerability_protection_profiles" name="test_list_vulnerability_protection_profiles_with_pagination" file="tests/test_vulnerability_protection_profiles.py" line="441" time="0.001" /><testcase classname="tests.test_vulnerability_protection_profiles" name="test_list_vulnerability_protection_profiles_with_name_filter" file="tests/test_vulnerability_protection_profiles.py" line="481" time="0.001" /><testcase classname="tests.test_vulnerability_protection_profiles" name="test_vulnerability_protection_profile_list_with_invalid_pagination" file="tests/test_vulnerability_protection_profiles.py" line="523" time="0.001" /><testcase classname="tests.test_vulnerability_protection_profiles" name="test_action_request_check_and_transform_action" file="tests/test_vulnerability_protection_profiles.py" line="545" time="0.000" /><testcase classname="tests.test_vulnerability_protection_profiles" name="test_action_response_check_action" file="tests/test_vulnerability_protection_profiles.py" line="576" time="0.000" /><testcase classname="tests.test_vulnerability_protection_profiles" name="test_action_request_and_response_get_action_name" file="tests/test_vulnerability_protection_profiles.py" line="605" time="0.000" /><testcase classname="tests.test_vulnerability_protection_profiles" name="test_time_attribute_model_validation" file="tests/test_vulnerability_protection_profiles.py" line="619" time="0.000" /><testcase classname="tests.test_vulnerability_protection_profiles" name="test_action_request_non_block_ip_validation" file="tests/test_vulnerability_protection_profiles.py" line="660" time="0.000" /><testcase classname="tests.test_vulnerability_protection_profiles" name="test_action_request_block_ip_validation" file="tests/test_vulnerability_protection_profiles.py" line="686" time="0.001" /><testcase classname="tests.test_vulnerability_protection_profiles" name="test_action_request_invalid_input" file="tests/test_vulnerability_protection_profiles.py" line="711" time="0.000" /><testcase classname="tests.test_vulnerability_protection_profiles" name="test_action_response_validation" file="tests/test_vulnerability_protection_profiles.py" line="731" time="0.000" /><testcase classname="tests.test_wildfire_antivirus_profiles" name="test_list_wildfire_antivirus_profiles" file="tests/test_wildfire_antivirus_profiles.py" line="21" time="0.001" /><testcase classname="tests.test_wildfire_antivirus_profiles" name="test_create_wildfire_antivirus_profile" file="tests/test_wildfire_antivirus_profiles.py" line="90" time="0.001" /><testcase classname="tests.test_wildfire_antivirus_profiles" name="test_get_wildfire_antivirus_profile" file="tests/test_wildfire_antivirus_profiles.py" line="155" time="0.001" /><testcase classname="tests.test_wildfire_antivirus_profiles" name="test_update_wildfire_antivirus_profile" file="tests/test_wildfire_antivirus_profiles.py" line="199" time="0.001" /><testcase classname="tests.test_wildfire_antivirus_profiles" name="test_delete_wildfire_antivirus_profile" file="tests/test_wildfire_antivirus_profiles.py" line="249" time="0.001" /><testcase classname="tests.test_wildfire_antivirus_profiles" name="test_wildfire_antivirus_profile_request_model_validation_errors" file="tests/test_wildfire_antivirus_profiles.py" line="271" time="0.000" /><testcase classname="tests.test_wildfire_antivirus_profiles" name="test_wildfire_antivirus_profile_list_validation_error" file="tests/test_wildfire_antivirus_profiles.py" line="344" time="0.001" /><testcase classname="tests.test_wildfire_antivirus_profiles" name="test_list_wildfire_antivirus_profiles_with_pagination" file="tests/test_wildfire_antivirus_profiles.py" line="361" time="0.001" /><testcase classname="tests.test_wildfire_antivirus_profiles" name="test_wildfire_antivirus_profile_list_with_invalid_pagination" file="tests/test_wildfire_antivirus_profiles.py" line="448" time="0.001" /><testcase classname="tests.test_wildfire_antivirus_profiles" name="test_rule_request_model_validation" file="tests/test_wildfire_antivirus_profiles.py" line="464" time="0.000" /><testcase classname="tests.test_wildfire_antivirus_profiles" name="test_list_wildfire_antivirus_profiles_with_name_filter" file="tests/test_wildfire_antivirus_profiles.py" line="490" time="0.001" /></testsuite></testsuites>