<?xml version="1.0" encoding="utf-8"?><testsuites><testsuite name="pytest" errors="0" failures="0" skipped="0" tests="529" time="1.307" timestamp="2024-11-11T18:14:23.277434-06:00" hostname="Geordi.local"><testcase classname="tests.scm.config.objects.test_address.TestAddressModelValidation" name="test_object_model_no_type_provided" file="tests/scm/config/objects/test_address.py" line="52" time="0.023" /><testcase classname="tests.scm.config.objects.test_address.TestAddressModelValidation" name="test_object_model_multiple_types" file="tests/scm/config/objects/test_address.py" line="66" time="0.013" /><testcase classname="tests.scm.config.objects.test_address.TestAddressModelValidation" name="test_object_model_multiple_containers" file="tests/scm/config/objects/test_address.py" line="81" time="0.001" /><testcase classname="tests.scm.config.objects.test_address.TestAddressModelValidation" name="test_object_model_no_container_provided" file="tests/scm/config/objects/test_address.py" line="98" time="0.001" /><testcase classname="tests.scm.config.objects.test_address.TestAddressModelValidation" name="test_object_model_create_model_valid" file="tests/scm/config/objects/test_address.py" line="114" time="0.001" /><testcase classname="tests.scm.config.objects.test_address.TestAddressList" name="test_object_list_valid" file="tests/scm/config/objects/test_address.py" line="130" time="0.001" /><testcase classname="tests.scm.config.objects.test_address.TestAddressList" name="test_object_list_multiple_containers" file="tests/scm/config/objects/test_address.py" line="179" time="0.001" /><testcase classname="tests.scm.config.objects.test_address.TestAddressCreate" name="test_create_object_type_ip_netmask" file="tests/scm/config/objects/test_address.py" line="193" time="0.001" /><testcase classname="tests.scm.config.objects.test_address.TestAddressCreate" name="test_create_object_type_fqdn" file="tests/scm/config/objects/test_address.py" line="219" time="0.001" /><testcase classname="tests.scm.config.objects.test_address.TestAddressCreate" name="test_create_object_type_ip_range" file="tests/scm/config/objects/test_address.py" line="247" time="0.001" /><testcase classname="tests.scm.config.objects.test_address.TestAddressCreate" name="test_create_object_type_ip_wildcard" file="tests/scm/config/objects/test_address.py" line="275" time="0.001" /><testcase classname="tests.scm.config.objects.test_address.TestAddressCreate" name="test_create_object_error_handling" file="tests/scm/config/objects/test_address.py" line="303" time="0.001" /><testcase classname="tests.scm.config.objects.test_address.TestAddressCreate" name="test_create_generic_exception_handling" file="tests/scm/config/objects/test_address.py" line="335" time="0.001" /><testcase classname="tests.scm.config.objects.test_address.TestAddressCreate" name="test_create_malformed_response_handling" file="tests/scm/config/objects/test_address.py" line="351" time="0.001" /><testcase classname="tests.scm.config.objects.test_address.TestAddressGet" name="test_get_object" file="tests/scm/config/objects/test_address.py" line="370" time="0.001" /><testcase classname="tests.scm.config.objects.test_address.TestAddressGet" name="test_get_object_error_handling" file="tests/scm/config/objects/test_address.py" line="395" time="0.001" /><testcase classname="tests.scm.config.objects.test_address.TestAddressGet" name="test_get_generic_exception_handling" file="tests/scm/config/objects/test_address.py" line="425" time="0.001" /><testcase classname="tests.scm.config.objects.test_address.TestAddressUpdate" name="test_update_object" file="tests/scm/config/objects/test_address.py" line="445" time="0.001" /><testcase classname="tests.scm.config.objects.test_address.TestAddressUpdate" name="test_update_object_error_handling" file="tests/scm/config/objects/test_address.py" line="506" time="0.001" /><testcase classname="tests.scm.config.objects.test_address.TestAddressUpdate" name="test_update_with_invalid_data" file="tests/scm/config/objects/test_address.py" line="541" time="0.001" /><testcase classname="tests.scm.config.objects.test_address.TestAddressUpdate" name="test_update_generic_exception_handling" file="tests/scm/config/objects/test_address.py" line="556" time="0.001" /><testcase classname="tests.scm.config.objects.test_address.TestAddressDelete" name="test_delete_referenced_object" file="tests/scm/config/objects/test_address.py" line="581" time="0.001" /><testcase classname="tests.scm.config.objects.test_address.TestAddressDelete" name="test_delete_error_handling" file="tests/scm/config/objects/test_address.py" line="651" time="0.001" /><testcase classname="tests.scm.config.objects.test_address.TestAddressDelete" name="test_delete_generic_exception_handling" file="tests/scm/config/objects/test_address.py" line="681" time="0.001" /><testcase classname="tests.scm.config.objects.test_address.TestAddressFetch" name="test_fetch_object" file="tests/scm/config/objects/test_address.py" line="701" time="0.001" /><testcase classname="tests.scm.config.objects.test_address.TestAddressFetch" name="test_fetch_object_not_found" file="tests/scm/config/objects/test_address.py" line="743" time="0.001" /><testcase classname="tests.scm.config.objects.test_address.TestAddressFetch" name="test_fetch_empty_name" file="tests/scm/config/objects/test_address.py" line="775" time="0.001" /><testcase classname="tests.scm.config.objects.test_address.TestAddressFetch" name="test_fetch_container_validation" file="tests/scm/config/objects/test_address.py" line="789" time="0.001" /><testcase classname="tests.scm.config.objects.test_address.TestAddressFetch" name="test_fetch_object_unexpected_response_format" file="tests/scm/config/objects/test_address.py" line="817" time="0.001" /><testcase classname="tests.scm.config.objects.test_address.TestAddressFetch" name="test_fetch_validation_errors" file="tests/scm/config/objects/test_address.py" line="837" time="0.001" /><testcase classname="tests.scm.config.objects.test_address.TestAddressFetch" name="test_fetch_generic_exception_handling" file="tests/scm/config/objects/test_address.py" line="857" time="0.001" /><testcase classname="tests.scm.config.objects.test_address.TestAddressFetch" name="test_fetch_response_format_handling" file="tests/scm/config/objects/test_address.py" line="871" time="0.001" /><testcase classname="tests.scm.config.objects.test_address.TestAddressFetch" name="test_fetch_error_handler_json_error" file="tests/scm/config/objects/test_address.py" line="902" time="0.001" /><testcase classname="tests.scm.config.objects.test_address.TestAddressTagValidation" name="test_tag_string_to_list_conversion" file="tests/scm/config/objects/test_address.py" line="934" time="0.001" /><testcase classname="tests.scm.config.objects.test_address.TestAddressTagValidation" name="test_tag_list_passed_through" file="tests/scm/config/objects/test_address.py" line="953" time="0.001" /><testcase classname="tests.scm.config.objects.test_address.TestAddressTagValidation" name="test_tag_invalid_type" file="tests/scm/config/objects/test_address.py" line="972" time="0.001" /><testcase classname="tests.scm.config.objects.test_address.TestAddressTagValidation" name="test_tag_duplicate_items" file="tests/scm/config/objects/test_address.py" line="991" time="0.001" /><testcase classname="tests.scm.config.objects.test_address.TestAddressListFilters" name="test_list_with_filters" file="tests/scm/config/objects/test_address.py" line="1014" time="0.001" /><testcase classname="tests.scm.config.objects.test_address.TestAddressListFilters" name="test_list_filters_type_validation" file="tests/scm/config/objects/test_address.py" line="1040" time="0.001" /><testcase classname="tests.scm.config.objects.test_address.TestAddressListFilters" name="test_list_filter_combinations" file="tests/scm/config/objects/test_address.py" line="1107" time="0.001" /><testcase classname="tests.scm.config.objects.test_address.TestAddressListFilters" name="test_list_empty_filter_lists" file="tests/scm/config/objects/test_address.py" line="1170" time="0.001" /><testcase classname="tests.scm.config.objects.test_address.TestAddressListFilters" name="test_list_empty_folder_error" file="tests/scm/config/objects/test_address.py" line="1209" time="0.001" /><testcase classname="tests.scm.config.objects.test_address.TestAddressListFilters" name="test_list_multiple_containers_error" file="tests/scm/config/objects/test_address.py" line="1220" time="0.001" /><testcase classname="tests.scm.config.objects.test_address.TestAddressListFilters" name="test_list_error_handling" file="tests/scm/config/objects/test_address.py" line="1234" time="0.001" /><testcase classname="tests.scm.config.objects.test_address.TestAddressListFilters" name="test_list_generic_exception_handling" file="tests/scm/config/objects/test_address.py" line="1262" time="0.001" /><testcase classname="tests.scm.config.objects.test_address.TestAddressListFilters" name="test_list_response_format_handling" file="tests/scm/config/objects/test_address.py" line="1276" time="0.001" /><testcase classname="tests.scm.config.objects.test_address.TestAddressListFilters" name="test_list_non_dict_response" file="tests/scm/config/objects/test_address.py" line="1295" time="0.001" /><testcase classname="tests.scm.config.objects.test_address_group.TestAddressGroupModelValidation" name="test_object_model_no_type_provided" file="tests/scm/config/objects/test_address_group.py" line="49" time="0.001" /><testcase classname="tests.scm.config.objects.test_address_group.TestAddressGroupModelValidation" name="test_object_model_multiple_types" file="tests/scm/config/objects/test_address_group.py" line="63" time="0.001" /><testcase classname="tests.scm.config.objects.test_address_group.TestAddressGroupModelValidation" name="test_object_model_multiple_containers" file="tests/scm/config/objects/test_address_group.py" line="79" time="0.001" /><testcase classname="tests.scm.config.objects.test_address_group.TestAddressGroupModelValidation" name="test_object_model_create_no_container" file="tests/scm/config/objects/test_address_group.py" line="96" time="0.001" /><testcase classname="tests.scm.config.objects.test_address_group.TestAddressGroupModelValidation" name="test_object_model_create_model_valid" file="tests/scm/config/objects/test_address_group.py" line="112" time="0.001" /><testcase classname="tests.scm.config.objects.test_address_group.TestAddressGroupList" name="test_list_objects" file="tests/scm/config/objects/test_address_group.py" line="130" time="0.001" /><testcase classname="tests.scm.config.objects.test_address_group.TestAddressGroupList" name="test_list_objects_multiple_containers" file="tests/scm/config/objects/test_address_group.py" line="185" time="0.001" /><testcase classname="tests.scm.config.objects.test_address_group.TestAddressGroupCreate" name="test_create_object_of_type_static" file="tests/scm/config/objects/test_address_group.py" line="199" time="0.001" /><testcase classname="tests.scm.config.objects.test_address_group.TestAddressGroupCreate" name="test_create_object_of_type_dynamic" file="tests/scm/config/objects/test_address_group.py" line="228" time="0.001" /><testcase classname="tests.scm.config.objects.test_address_group.TestAddressGroupCreate" name="test_create_object_error_handling" file="tests/scm/config/objects/test_address_group.py" line="257" time="0.001" /><testcase classname="tests.scm.config.objects.test_address_group.TestAddressGroupCreate" name="test_create_generic_exception_handling" file="tests/scm/config/objects/test_address_group.py" line="289" time="0.001" /><testcase classname="tests.scm.config.objects.test_address_group.TestAddressGroupCreate" name="test_create_malformed_response_handling" file="tests/scm/config/objects/test_address_group.py" line="305" time="0.001" /><testcase classname="tests.scm.config.objects.test_address_group.TestAddressGroupGet" name="test_get_object" file="tests/scm/config/objects/test_address_group.py" line="324" time="0.001" /><testcase classname="tests.scm.config.objects.test_address_group.TestAddressGroupGet" name="test_get_object_error_handling" file="tests/scm/config/objects/test_address_group.py" line="352" time="0.001" /><testcase classname="tests.scm.config.objects.test_address_group.TestAddressGroupGet" name="test_get_generic_exception_handling" file="tests/scm/config/objects/test_address_group.py" line="382" time="0.001" /><testcase classname="tests.scm.config.objects.test_address_group.TestAddressGroupUpdate" name="test_update_object" file="tests/scm/config/objects/test_address_group.py" line="402" time="0.001" /><testcase classname="tests.scm.config.objects.test_address_group.TestAddressGroupUpdate" name="test_update_object_error_handling" file="tests/scm/config/objects/test_address_group.py" line="438" time="0.001" /><testcase classname="tests.scm.config.objects.test_address_group.TestAddressGroupUpdate" name="test_update_with_invalid_data" file="tests/scm/config/objects/test_address_group.py" line="474" time="0.001" /><testcase classname="tests.scm.config.objects.test_address_group.TestAddressGroupUpdate" name="test_update_generic_exception_handling" file="tests/scm/config/objects/test_address_group.py" line="489" time="0.001" /><testcase classname="tests.scm.config.objects.test_address_group.TestAddressGroupDelete" name="test_delete_error_handling" file="tests/scm/config/objects/test_address_group.py" line="515" time="0.001" /><testcase classname="tests.scm.config.objects.test_address_group.TestAddressGroupDelete" name="test_delete_generic_exception_handling" file="tests/scm/config/objects/test_address_group.py" line="545" time="0.001" /><testcase classname="tests.scm.config.objects.test_address_group.TestAddressGroupFetch" name="test_fetch_object" file="tests/scm/config/objects/test_address_group.py" line="565" time="0.001" /><testcase classname="tests.scm.config.objects.test_address_group.TestAddressGroupFetch" name="test_fetch_object_not_found" file="tests/scm/config/objects/test_address_group.py" line="606" time="0.001" /><testcase classname="tests.scm.config.objects.test_address_group.TestAddressGroupFetch" name="test_fetch_empty_name" file="tests/scm/config/objects/test_address_group.py" line="638" time="0.001" /><testcase classname="tests.scm.config.objects.test_address_group.TestAddressGroupFetch" name="test_fetch_container_validation" file="tests/scm/config/objects/test_address_group.py" line="655" time="0.018" /><testcase classname="tests.scm.config.objects.test_address_group.TestAddressGroupFetch" name="test_fetch_object_unexpected_response_format" file="tests/scm/config/objects/test_address_group.py" line="683" time="0.001" /><testcase classname="tests.scm.config.objects.test_address_group.TestAddressGroupFetch" name="test_fetch_validation_errors" file="tests/scm/config/objects/test_address_group.py" line="706" time="0.001" /><testcase classname="tests.scm.config.objects.test_address_group.TestAddressGroupFetch" name="test_fetch_generic_exception_handling" file="tests/scm/config/objects/test_address_group.py" line="733" time="0.001" /><testcase classname="tests.scm.config.objects.test_address_group.TestAddressGroupFetch" name="test_fetch_response_format_handling" file="tests/scm/config/objects/test_address_group.py" line="750" time="0.001" /><testcase classname="tests.scm.config.objects.test_address_group.TestAddressGroupFetch" name="test_fetch_error_handler_json_error" file="tests/scm/config/objects/test_address_group.py" line="792" time="0.001" /><testcase classname="tests.scm.config.objects.test_address_group.TestAddressGroupTagValidation" name="test_tag_string_to_list_conversion" file="tests/scm/config/objects/test_address_group.py" line="824" time="0.001" /><testcase classname="tests.scm.config.objects.test_address_group.TestAddressGroupTagValidation" name="test_tag_list_passed_through" file="tests/scm/config/objects/test_address_group.py" line="845" time="0.001" /><testcase classname="tests.scm.config.objects.test_address_group.TestAddressGroupTagValidation" name="test_tag_invalid_type" file="tests/scm/config/objects/test_address_group.py" line="866" time="0.001" /><testcase classname="tests.scm.config.objects.test_address_group.TestAddressGroupTagValidation" name="test_tag_duplicate_items" file="tests/scm/config/objects/test_address_group.py" line="887" time="0.001" /><testcase classname="tests.scm.config.objects.test_address_group.TestAddressGroupListFilters" name="test_list_with_filters" file="tests/scm/config/objects/test_address_group.py" line="912" time="0.001" /><testcase classname="tests.scm.config.objects.test_address_group.TestAddressGroupListFilters" name="test_list_filters_type_validation" file="tests/scm/config/objects/test_address_group.py" line="938" time="0.001" /><testcase classname="tests.scm.config.objects.test_address_group.TestAddressGroupListFilters" name="test_list_filter_combinations" file="tests/scm/config/objects/test_address_group.py" line="1024" time="0.001" /><testcase classname="tests.scm.config.objects.test_address_group.TestAddressGroupListFilters" name="test_list_empty_filter_lists" file="tests/scm/config/objects/test_address_group.py" line="1092" time="0.001" /><testcase classname="tests.scm.config.objects.test_address_group.TestAddressGroupListFilters" name="test_list_empty_folder_error" file="tests/scm/config/objects/test_address_group.py" line="1150" time="0.001" /><testcase classname="tests.scm.config.objects.test_address_group.TestAddressGroupListFilters" name="test_list_multiple_containers_error" file="tests/scm/config/objects/test_address_group.py" line="1161" time="0.001" /><testcase classname="tests.scm.config.objects.test_address_group.TestAddressGroupListFilters" name="test_list_error_handling" file="tests/scm/config/objects/test_address_group.py" line="1175" time="0.001" /><testcase classname="tests.scm.config.objects.test_address_group.TestAddressGroupListFilters" name="test_list_generic_exception_handling" file="tests/scm/config/objects/test_address_group.py" line="1203" time="0.001" /><testcase classname="tests.scm.config.objects.test_address_group.TestAddressGroupListFilters" name="test_list_response_format_handling" file="tests/scm/config/objects/test_address_group.py" line="1217" time="0.001" /><testcase classname="tests.scm.config.objects.test_address_group.TestAddressGroupListFilters" name="test_list_non_dict_response" file="tests/scm/config/objects/test_address_group.py" line="1236" time="0.001" /><testcase classname="tests.scm.config.objects.test_address_group.TestAddressGroupExceptionHandling" name="test_create_generic_exception_handling" file="tests/scm/config/objects/test_address_group.py" line="1269" time="0.001" /><testcase classname="tests.scm.config.objects.test_address_group.TestAddressGroupExceptionHandling" name="test_get_generic_exception_handling" file="tests/scm/config/objects/test_address_group.py" line="1285" time="0.001" /><testcase classname="tests.scm.config.objects.test_address_group.TestAddressGroupExceptionHandling" name="test_update_generic_exception_handling" file="tests/scm/config/objects/test_address_group.py" line="1301" time="0.001" /><testcase classname="tests.scm.config.objects.test_address_group.TestAddressGroupExceptionHandling" name="test_delete_generic_exception_handling" file="tests/scm/config/objects/test_address_group.py" line="1324" time="0.001" /><testcase classname="tests.scm.config.objects.test_address_group.TestAddressGroupExceptionHandling" name="test_error_handler_raise_through" file="tests/scm/config/objects/test_address_group.py" line="1340" time="0.001" /><testcase classname="tests.scm.config.objects.test_application.TestApplicationModelValidation" name="test_object_model_multiple_containers" file="tests/scm/config/objects/test_application.py" line="47" time="0.001" /><testcase classname="tests.scm.config.objects.test_application.TestApplicationModelValidation" name="test_object_model_create_no_container" file="tests/scm/config/objects/test_application.py" line="68" time="0.001" /><testcase classname="tests.scm.config.objects.test_application.TestApplicationModelValidation" name="test_object_model_create_model_valid" file="tests/scm/config/objects/test_application.py" line="88" time="0.001" /><testcase classname="tests.scm.config.objects.test_application.TestApplicationList" name="test_list_objects" file="tests/scm/config/objects/test_application.py" line="118" time="0.001" /><testcase classname="tests.scm.config.objects.test_application.TestApplicationList" name="test_object_list_multiple_containers" file="tests/scm/config/objects/test_application.py" line="172" time="0.001" /><testcase classname="tests.scm.config.objects.test_application.TestApplicationCreate" name="test_create_object" file="tests/scm/config/objects/test_application.py" line="186" time="0.001" /><testcase classname="tests.scm.config.objects.test_application.TestApplicationCreate" name="test_create_object_error_handling" file="tests/scm/config/objects/test_application.py" line="209" time="0.002" /><testcase classname="tests.scm.config.objects.test_application.TestApplicationCreate" name="test_create_generic_exception_handling" file="tests/scm/config/objects/test_application.py" line="241" time="0.001" /><testcase classname="tests.scm.config.objects.test_application.TestApplicationCreate" name="test_create_malformed_response_handling" file="tests/scm/config/objects/test_application.py" line="257" time="0.001" /><testcase classname="tests.scm.config.objects.test_application.TestApplicationGet" name="test_get_object" file="tests/scm/config/objects/test_application.py" line="276" time="0.001" /><testcase classname="tests.scm.config.objects.test_application.TestApplicationGet" name="test_get_object_error_handling" file="tests/scm/config/objects/test_application.py" line="304" time="0.002" /><testcase classname="tests.scm.config.objects.test_application.TestApplicationGet" name="test_get_generic_exception_handling" file="tests/scm/config/objects/test_application.py" line="334" time="0.005" /><testcase classname="tests.scm.config.objects.test_application.TestApplicationUpdate" name="test_update_object" file="tests/scm/config/objects/test_application.py" line="354" time="0.004" /><testcase classname="tests.scm.config.objects.test_application.TestApplicationUpdate" name="test_update_object_error_handling" file="tests/scm/config/objects/test_application.py" line="394" time="0.005" /><testcase classname="tests.scm.config.objects.test_application.TestApplicationUpdate" name="test_update_with_invalid_data" file="tests/scm/config/objects/test_application.py" line="433" time="0.005" /><testcase classname="tests.scm.config.objects.test_application.TestApplicationUpdate" name="test_payload_construction" file="tests/scm/config/objects/test_application.py" line="448" time="0.001" /><testcase classname="tests.scm.config.objects.test_application.TestApplicationDelete" name="test_delete_referenced_object" file="tests/scm/config/objects/test_application.py" line="502" time="0.002" /><testcase classname="tests.scm.config.objects.test_application.TestApplicationDelete" name="test_delete_error_handling" file="tests/scm/config/objects/test_application.py" line="560" time="0.001" /><testcase classname="tests.scm.config.objects.test_application.TestApplicationDelete" name="test_delete_generic_exception_handling" file="tests/scm/config/objects/test_application.py" line="590" time="0.001" /><testcase classname="tests.scm.config.objects.test_application.TestApplicationFetch" name="test_fetch_object" file="tests/scm/config/objects/test_application.py" line="610" time="0.001" /><testcase classname="tests.scm.config.objects.test_application.TestApplicationFetch" name="test_fetch_object_not_found" file="tests/scm/config/objects/test_application.py" line="655" time="0.001" /><testcase classname="tests.scm.config.objects.test_application.TestApplicationFetch" name="test_fetch_empty_name" file="tests/scm/config/objects/test_application.py" line="687" time="0.001" /><testcase classname="tests.scm.config.objects.test_application.TestApplicationFetch" name="test_fetch_container_validation" file="tests/scm/config/objects/test_application.py" line="698" time="0.001" /><testcase classname="tests.scm.config.objects.test_application.TestApplicationFetch" name="test_fetch_object_unexpected_response_format" file="tests/scm/config/objects/test_application.py" line="726" time="0.001" /><testcase classname="tests.scm.config.objects.test_application.TestApplicationFetch" name="test_fetch_validation_errors" file="tests/scm/config/objects/test_application.py" line="746" time="0.001" /><testcase classname="tests.scm.config.objects.test_application.TestApplicationFetch" name="test_fetch_generic_exception_handling" file="tests/scm/config/objects/test_application.py" line="766" time="0.001" /><testcase classname="tests.scm.config.objects.test_application.TestApplicationFetch" name="test_fetch_response_format_handling" file="tests/scm/config/objects/test_application.py" line="780" time="0.001" /><testcase classname="tests.scm.config.objects.test_application.TestApplicationFetch" name="test_fetch_error_handler_json_error" file="tests/scm/config/objects/test_application.py" line="811" time="0.001" /><testcase classname="tests.scm.config.objects.test_application.TestApplicationListFilters" name="test_list_with_filters" file="tests/scm/config/objects/test_application.py" line="843" time="0.001" /><testcase classname="tests.scm.config.objects.test_application.TestApplicationListFilters" name="test_list_filters_type_validation" file="tests/scm/config/objects/test_application.py" line="870" time="0.001" /><testcase classname="tests.scm.config.objects.test_application.TestApplicationListFilters" name="test_list_filters_type_values" file="tests/scm/config/objects/test_application.py" line="943" time="0.001" /><testcase classname="tests.scm.config.objects.test_application.TestApplicationListFilters" name="test_list_empty_filter_lists" file="tests/scm/config/objects/test_application.py" line="975" time="0.001" /><testcase classname="tests.scm.config.objects.test_application.TestApplicationListFilters" name="test_list_empty_folder_error" file="tests/scm/config/objects/test_application.py" line="1103" time="0.001" /><testcase classname="tests.scm.config.objects.test_application.TestApplicationListFilters" name="test_list_multiple_containers_error" file="tests/scm/config/objects/test_application.py" line="1114" time="0.001" /><testcase classname="tests.scm.config.objects.test_application.TestApplicationListFilters" name="test_list_response_format_handling" file="tests/scm/config/objects/test_application.py" line="1128" time="0.001" /><testcase classname="tests.scm.config.objects.test_application.TestApplicationListFilters" name="test_list_non_dict_response" file="tests/scm/config/objects/test_application.py" line="1147" time="0.001" /><testcase classname="tests.scm.config.objects.test_application.TestApplicationListFilters" name="test_list_error_handling" file="tests/scm/config/objects/test_application.py" line="1176" time="0.001" /><testcase classname="tests.scm.config.objects.test_application.TestApplicationListFilters" name="test_list_generic_exception_handling" file="tests/scm/config/objects/test_application.py" line="1204" time="0.001" /><testcase classname="tests.scm.config.objects.test_application_group.TestApplicationGroupList" name="test_list_objects" file="tests/scm/config/objects/test_application_group.py" line="46" time="0.001" /><testcase classname="tests.scm.config.objects.test_application_group.TestApplicationGroupCreate" name="test_create_object" file="tests/scm/config/objects/test_application_group.py" line="109" time="0.001" /><testcase classname="tests.scm.config.objects.test_application_group.TestApplicationGroupCreate" name="test_create_object_error_handling" file="tests/scm/config/objects/test_application_group.py" line="134" time="0.001" /><testcase classname="tests.scm.config.objects.test_application_group.TestApplicationGroupCreate" name="test_create_generic_exception_handling" file="tests/scm/config/objects/test_application_group.py" line="166" time="0.001" /><testcase classname="tests.scm.config.objects.test_application_group.TestApplicationGroupCreate" name="test_create_malformed_response_handling" file="tests/scm/config/objects/test_application_group.py" line="182" time="0.001" /><testcase classname="tests.scm.config.objects.test_application_group.TestApplicationGroupGet" name="test_get_object" file="tests/scm/config/objects/test_application_group.py" line="201" time="0.001" /><testcase classname="tests.scm.config.objects.test_application_group.TestApplicationGroupGet" name="test_get_object_error_handling" file="tests/scm/config/objects/test_application_group.py" line="228" time="0.024" /><testcase classname="tests.scm.config.objects.test_application_group.TestApplicationGroupGet" name="test_get_generic_exception_handling" file="tests/scm/config/objects/test_application_group.py" line="258" time="0.001" /><testcase classname="tests.scm.config.objects.test_application_group.TestApplicationGroupUpdate" name="test_update_object" file="tests/scm/config/objects/test_application_group.py" line="278" time="0.001" /><testcase classname="tests.scm.config.objects.test_application_group.TestApplicationGroupUpdate" name="test_update_object_error_handling" file="tests/scm/config/objects/test_application_group.py" line="337" time="0.001" /><testcase classname="tests.scm.config.objects.test_application_group.TestApplicationGroupUpdate" name="test_update_with_invalid_data" file="tests/scm/config/objects/test_application_group.py" line="372" time="0.001" /><testcase classname="tests.scm.config.objects.test_application_group.TestApplicationGroupUpdate" name="test_update_generic_exception_handling" file="tests/scm/config/objects/test_application_group.py" line="387" time="0.001" /><testcase classname="tests.scm.config.objects.test_application_group.TestApplicationGroupDelete" name="test_delete_error_handling" file="tests/scm/config/objects/test_application_group.py" line="412" time="0.002" /><testcase classname="tests.scm.config.objects.test_application_group.TestApplicationGroupDelete" name="test_delete_generic_exception_handling" file="tests/scm/config/objects/test_application_group.py" line="442" time="0.001" /><testcase classname="tests.scm.config.objects.test_application_group.TestApplicationGroupFetch" name="test_fetch_object" file="tests/scm/config/objects/test_application_group.py" line="462" time="0.001" /><testcase classname="tests.scm.config.objects.test_application_group.TestApplicationGroupFetch" name="test_fetch_object_not_found" file="tests/scm/config/objects/test_application_group.py" line="501" time="0.001" /><testcase classname="tests.scm.config.objects.test_application_group.TestApplicationGroupFetch" name="test_fetch_empty_name" file="tests/scm/config/objects/test_application_group.py" line="533" time="0.001" /><testcase classname="tests.scm.config.objects.test_application_group.TestApplicationGroupFetch" name="test_fetch_container_validation" file="tests/scm/config/objects/test_application_group.py" line="544" time="0.001" /><testcase classname="tests.scm.config.objects.test_application_group.TestApplicationGroupFetch" name="test_fetch_response_handling" file="tests/scm/config/objects/test_application_group.py" line="572" time="0.001" /><testcase classname="tests.scm.config.objects.test_application_group.TestApplicationGroupFetch" name="test_fetch_generic_exception_handling" file="tests/scm/config/objects/test_application_group.py" line="595" time="0.001" /><testcase classname="tests.scm.config.objects.test_application_group.TestApplicationGroupFetch" name="test_fetch_unexpected_response_format" file="tests/scm/config/objects/test_application_group.py" line="609" time="0.001" /><testcase classname="tests.scm.config.objects.test_application_group.TestApplicationGroupFetch" name="test_fetch_response_format_handling" file="tests/scm/config/objects/test_application_group.py" line="629" time="0.001" /><testcase classname="tests.scm.config.objects.test_application_group.TestApplicationGroupFetch" name="test_fetch_error_handler_json_error" file="tests/scm/config/objects/test_application_group.py" line="662" time="0.001" /><testcase classname="tests.scm.config.objects.test_application_group.TestApplicationGroupValidation" name="test_list_validation_error" file="tests/scm/config/objects/test_application_group.py" line="697" time="0.001" /><testcase classname="tests.scm.config.objects.test_application_group.TestApplicationGroupValidation" name="test_object_create_no_container" file="tests/scm/config/objects/test_application_group.py" line="707" time="0.001" /><testcase classname="tests.scm.config.objects.test_application_group.TestApplicationGroupValidation" name="test_object_create_multiple_containers" file="tests/scm/config/objects/test_application_group.py" line="720" time="0.002" /><testcase classname="tests.scm.config.objects.test_application_group.TestApplicationGroupValidation" name="test_response_model_invalid_uuid" file="tests/scm/config/objects/test_application_group.py" line="735" time="0.001" /><testcase classname="tests.scm.config.objects.test_application_group.TestApplicationGroupListFilters" name="test_list_with_filters" file="tests/scm/config/objects/test_application_group.py" line="754" time="0.001" /><testcase classname="tests.scm.config.objects.test_application_group.TestApplicationGroupListFilters" name="test_list_filters_type_validation" file="tests/scm/config/objects/test_application_group.py" line="780" time="0.001" /><testcase classname="tests.scm.config.objects.test_application_group.TestApplicationGroupListFilters" name="test_list_empty_filter_lists" file="tests/scm/config/objects/test_application_group.py" line="883" time="0.001" /><testcase classname="tests.scm.config.objects.test_application_group.TestApplicationGroupListFilters" name="test_list_empty_folder_error" file="tests/scm/config/objects/test_application_group.py" line="973" time="0.001" /><testcase classname="tests.scm.config.objects.test_application_group.TestApplicationGroupListFilters" name="test_list_multiple_containers_error" file="tests/scm/config/objects/test_application_group.py" line="984" time="0.001" /><testcase classname="tests.scm.config.objects.test_application_group.TestApplicationGroupListFilters" name="test_list_response_format_handling" file="tests/scm/config/objects/test_application_group.py" line="998" time="0.001" /><testcase classname="tests.scm.config.objects.test_application_group.TestApplicationGroupListFilters" name="test_list_non_dict_response" file="tests/scm/config/objects/test_application_group.py" line="1017" time="0.001" /><testcase classname="tests.scm.config.objects.test_application_group.TestApplicationGroupListFilters" name="test_list_error_handling" file="tests/scm/config/objects/test_application_group.py" line="1046" time="0.001" /><testcase classname="tests.scm.config.objects.test_application_group.TestApplicationGroupListFilters" name="test_list_generic_exception_handling" file="tests/scm/config/objects/test_application_group.py" line="1074" time="0.001" /><testcase classname="tests.scm.config.objects.test_service.TestServiceList" name="test_list_objects" file="tests/scm/config/objects/test_service.py" line="47" time="0.001" /><testcase classname="tests.scm.config.objects.test_service.TestServiceCreate" name="test_create_object" file="tests/scm/config/objects/test_service.py" line="108" time="0.002" /><testcase classname="tests.scm.config.objects.test_service.TestServiceCreate" name="test_create_object_error_handling" file="tests/scm/config/objects/test_service.py" line="132" time="0.002" /><testcase classname="tests.scm.config.objects.test_service.TestServiceCreate" name="test_create_generic_exception_handling" file="tests/scm/config/objects/test_service.py" line="164" time="0.001" /><testcase classname="tests.scm.config.objects.test_service.TestServiceCreate" name="test_create_malformed_response_handling" file="tests/scm/config/objects/test_service.py" line="180" time="0.001" /><testcase classname="tests.scm.config.objects.test_service.TestServiceGet" name="test_get_object" file="tests/scm/config/objects/test_service.py" line="199" time="0.001" /><testcase classname="tests.scm.config.objects.test_service.TestServiceGet" name="test_get_object_error_handling" file="tests/scm/config/objects/test_service.py" line="230" time="0.001" /><testcase classname="tests.scm.config.objects.test_service.TestServiceGet" name="test_get_generic_exception_handling" file="tests/scm/config/objects/test_service.py" line="260" time="0.001" /><testcase classname="tests.scm.config.objects.test_service.TestServiceUpdate" name="test_update_object" file="tests/scm/config/objects/test_service.py" line="280" time="0.001" /><testcase classname="tests.scm.config.objects.test_service.TestServiceUpdate" name="test_update_object_error_handling" file="tests/scm/config/objects/test_service.py" line="336" time="0.001" /><testcase classname="tests.scm.config.objects.test_service.TestServiceUpdate" name="test_update_with_invalid_data" file="tests/scm/config/objects/test_service.py" line="371" time="0.001" /><testcase classname="tests.scm.config.objects.test_service.TestServiceUpdate" name="test_update_generic_exception_handling" file="tests/scm/config/objects/test_service.py" line="386" time="0.001" /><testcase classname="tests.scm.config.objects.test_service.TestServiceDelete" name="test_delete_referenced_object" file="tests/scm/config/objects/test_service.py" line="411" time="0.001" /><testcase classname="tests.scm.config.objects.test_service.TestServiceDelete" name="test_delete_error_handling" file="tests/scm/config/objects/test_service.py" line="469" time="0.001" /><testcase classname="tests.scm.config.objects.test_service.TestServiceDelete" name="test_delete_generic_exception_handling" file="tests/scm/config/objects/test_service.py" line="499" time="0.001" /><testcase classname="tests.scm.config.objects.test_service.TestServiceFetch" name="test_fetch_object" file="tests/scm/config/objects/test_service.py" line="519" time="0.001" /><testcase classname="tests.scm.config.objects.test_service.TestServiceFetch" name="test_fetch_object_not_found" file="tests/scm/config/objects/test_service.py" line="557" time="0.001" /><testcase classname="tests.scm.config.objects.test_service.TestServiceFetch" name="test_fetch_empty_name" file="tests/scm/config/objects/test_service.py" line="589" time="0.001" /><testcase classname="tests.scm.config.objects.test_service.TestServiceFetch" name="test_fetch_container_validation" file="tests/scm/config/objects/test_service.py" line="600" time="0.001" /><testcase classname="tests.scm.config.objects.test_service.TestServiceFetch" name="test_fetch_response_handling" file="tests/scm/config/objects/test_service.py" line="630" time="0.001" /><testcase classname="tests.scm.config.objects.test_service.TestServiceFetch" name="test_fetch_generic_exception_handling" file="tests/scm/config/objects/test_service.py" line="662" time="0.001" /><testcase classname="tests.scm.config.objects.test_service.TestServiceFetch" name="test_fetch_unexpected_response_format" file="tests/scm/config/objects/test_service.py" line="676" time="0.001" /><testcase classname="tests.scm.config.objects.test_service.TestServiceFetch" name="test_fetch_response_format_handling" file="tests/scm/config/objects/test_service.py" line="696" time="0.001" /><testcase classname="tests.scm.config.objects.test_service.TestServiceFetch" name="test_fetch_error_handler_json_error" file="tests/scm/config/objects/test_service.py" line="726" time="0.001" /><testcase classname="tests.scm.config.objects.test_service.TestServiceValidation" name="test_list_validation_error" file="tests/scm/config/objects/test_service.py" line="758" time="0.001" /><testcase classname="tests.scm.config.objects.test_service.TestServiceValidation" name="test_request_model_no_protocol_provided" file="tests/scm/config/objects/test_service.py" line="768" time="0.001" /><testcase classname="tests.scm.config.objects.test_service.TestServiceValidation" name="test_request_model_multiple_protocols_provided" file="tests/scm/config/objects/test_service.py" line="778" time="0.001" /><testcase classname="tests.scm.config.objects.test_service.TestServiceValidation" name="test_request_model_no_container_provided" file="tests/scm/config/objects/test_service.py" line="794" time="0.001" /><testcase classname="tests.scm.config.objects.test_service.TestServiceValidation" name="test_request_model_multiple_containers_provided" file="tests/scm/config/objects/test_service.py" line="807" time="0.001" /><testcase classname="tests.scm.config.objects.test_service.TestServiceValidation" name="test_response_model_invalid_uuid" file="tests/scm/config/objects/test_service.py" line="822" time="0.001" /><testcase classname="tests.scm.config.objects.test_service.TestServiceListFilters" name="test_list_with_filters" file="tests/scm/config/objects/test_service.py" line="839" time="0.001" /><testcase classname="tests.scm.config.objects.test_service.TestServiceListFilters" name="test_list_filters_protocol_validation" file="tests/scm/config/objects/test_service.py" line="879" time="0.001" /><testcase classname="tests.scm.config.objects.test_service.TestServiceListFilters" name="test_list_protocol_filtering" file="tests/scm/config/objects/test_service.py" line="960" time="0.001" /><testcase classname="tests.scm.config.objects.test_service.TestServiceListFilters" name="test_list_empty_folder_error" file="tests/scm/config/objects/test_service.py" line="1019" time="0.001" /><testcase classname="tests.scm.config.objects.test_service.TestServiceListFilters" name="test_list_multiple_containers_error" file="tests/scm/config/objects/test_service.py" line="1030" time="0.001" /><testcase classname="tests.scm.config.objects.test_service.TestServiceListFilters" name="test_list_response_format_handling" file="tests/scm/config/objects/test_service.py" line="1044" time="0.001" /><testcase classname="tests.scm.config.objects.test_service.TestServiceListFilters" name="test_list_non_dict_response" file="tests/scm/config/objects/test_service.py" line="1063" time="0.001" /><testcase classname="tests.scm.config.objects.test_service.TestServiceListFilters" name="test_list_error_handling" file="tests/scm/config/objects/test_service.py" line="1092" time="0.002" /><testcase classname="tests.scm.config.objects.test_service.TestServiceListFilters" name="test_list_generic_exception_handling" file="tests/scm/config/objects/test_service.py" line="1120" time="0.001" /><testcase classname="tests.scm.config.security.test_anti_spyware_profile.TestAntiSpywareProfileModelValidation" name="test_object_model_no_container_provided" file="tests/scm/config/security/test_anti_spyware_profile.py" line="57" time="0.033" /><testcase classname="tests.scm.config.security.test_anti_spyware_profile.TestAntiSpywareProfileModelValidation" name="test_object_model_multiple_containers" file="tests/scm/config/security/test_anti_spyware_profile.py" line="70" time="0.001" /><testcase classname="tests.scm.config.security.test_anti_spyware_profile.TestAntiSpywareProfileModelValidation" name="test_rule_request_model_validation" file="tests/scm/config/security/test_anti_spyware_profile.py" line="85" time="0.001" /><testcase classname="tests.scm.config.security.test_anti_spyware_profile.TestAntiSpywareProfileModelValidation" name="test_threat_exception_request_model_validation" file="tests/scm/config/security/test_anti_spyware_profile.py" line="95" time="0.001" /><testcase classname="tests.scm.config.security.test_anti_spyware_profile.TestAntiSpywareProfileList" name="test_list_objects" file="tests/scm/config/security/test_anti_spyware_profile.py" line="106" time="0.001" /><testcase classname="tests.scm.config.security.test_anti_spyware_profile.TestAntiSpywareProfileList" name="test_object_list_multiple_containers" file="tests/scm/config/security/test_anti_spyware_profile.py" line="179" time="0.001" /><testcase classname="tests.scm.config.security.test_anti_spyware_profile.TestAntiSpywareProfileCreate" name="test_create_object" file="tests/scm/config/security/test_anti_spyware_profile.py" line="193" time="0.001" /><testcase classname="tests.scm.config.security.test_anti_spyware_profile.TestAntiSpywareProfileCreate" name="test_create_object_error_handling" file="tests/scm/config/security/test_anti_spyware_profile.py" line="216" time="0.002" /><testcase classname="tests.scm.config.security.test_anti_spyware_profile.TestAntiSpywareProfileCreate" name="test_create_generic_exception_handling" file="tests/scm/config/security/test_anti_spyware_profile.py" line="248" time="0.001" /><testcase classname="tests.scm.config.security.test_anti_spyware_profile.TestAntiSpywareProfileCreate" name="test_create_malformed_response_handling" file="tests/scm/config/security/test_anti_spyware_profile.py" line="264" time="0.001" /><testcase classname="tests.scm.config.security.test_anti_spyware_profile.TestAntiSpywareProfileGet" name="test_get_object" file="tests/scm/config/security/test_anti_spyware_profile.py" line="283" time="0.001" /><testcase classname="tests.scm.config.security.test_anti_spyware_profile.TestAntiSpywareProfileGet" name="test_get_object_error_handling" file="tests/scm/config/security/test_anti_spyware_profile.py" line="310" time="0.002" /><testcase classname="tests.scm.config.security.test_anti_spyware_profile.TestAntiSpywareProfileGet" name="test_get_generic_exception_handling" file="tests/scm/config/security/test_anti_spyware_profile.py" line="340" time="0.002" /><testcase classname="tests.scm.config.security.test_anti_spyware_profile.TestAntiSpywareProfileUpdate" name="test_update_object" file="tests/scm/config/security/test_anti_spyware_profile.py" line="360" time="0.001" /><testcase classname="tests.scm.config.security.test_anti_spyware_profile.TestAntiSpywareProfileUpdate" name="test_update_object_error_handling" file="tests/scm/config/security/test_anti_spyware_profile.py" line="427" time="0.002" /><testcase classname="tests.scm.config.security.test_anti_spyware_profile.TestAntiSpywareProfileUpdate" name="test_update_with_invalid_data" file="tests/scm/config/security/test_anti_spyware_profile.py" line="463" time="0.001" /><testcase classname="tests.scm.config.security.test_anti_spyware_profile.TestAntiSpywareProfileUpdate" name="test_update_generic_exception_handling" file="tests/scm/config/security/test_anti_spyware_profile.py" line="478" time="0.001" /><testcase classname="tests.scm.config.security.test_anti_spyware_profile.TestAntiSpywareProfileDelete" name="test_delete_referenced_object" file="tests/scm/config/security/test_anti_spyware_profile.py" line="504" time="0.001" /><testcase classname="tests.scm.config.security.test_anti_spyware_profile.TestAntiSpywareProfileDelete" name="test_delete_error_handling" file="tests/scm/config/security/test_anti_spyware_profile.py" line="570" time="0.001" /><testcase classname="tests.scm.config.security.test_anti_spyware_profile.TestAntiSpywareProfileDelete" name="test_delete_generic_exception_handling" file="tests/scm/config/security/test_anti_spyware_profile.py" line="600" time="0.001" /><testcase classname="tests.scm.config.security.test_anti_spyware_profile.TestAntiSpywareProfileFetch" name="test_fetch_object" file="tests/scm/config/security/test_anti_spyware_profile.py" line="620" time="0.001" /><testcase classname="tests.scm.config.security.test_anti_spyware_profile.TestAntiSpywareProfileFetch" name="test_fetch_object_not_found" file="tests/scm/config/security/test_anti_spyware_profile.py" line="669" time="0.001" /><testcase classname="tests.scm.config.security.test_anti_spyware_profile.TestAntiSpywareProfileFetch" name="test_fetch_empty_name" file="tests/scm/config/security/test_anti_spyware_profile.py" line="700" time="0.001" /><testcase classname="tests.scm.config.security.test_anti_spyware_profile.TestAntiSpywareProfileFetch" name="test_fetch_container_validation" file="tests/scm/config/security/test_anti_spyware_profile.py" line="711" time="0.001" /><testcase classname="tests.scm.config.security.test_anti_spyware_profile.TestAntiSpywareProfileFetch" name="test_fetch_object_unexpected_response_format" file="tests/scm/config/security/test_anti_spyware_profile.py" line="741" time="0.001" /><testcase classname="tests.scm.config.security.test_anti_spyware_profile.TestAntiSpywareProfileFetch" name="test_fetch_validation_errors" file="tests/scm/config/security/test_anti_spyware_profile.py" line="761" time="0.001" /><testcase classname="tests.scm.config.security.test_anti_spyware_profile.TestAntiSpywareProfileFetch" name="test_fetch_generic_exception_handling" file="tests/scm/config/security/test_anti_spyware_profile.py" line="781" time="0.001" /><testcase classname="tests.scm.config.security.test_anti_spyware_profile.TestAntiSpywareProfileFetch" name="test_fetch_response_format_handling" file="tests/scm/config/security/test_anti_spyware_profile.py" line="795" time="0.001" /><testcase classname="tests.scm.config.security.test_anti_spyware_profile.TestAntiSpywareProfileFetch" name="test_fetch_error_handler_json_error" file="tests/scm/config/security/test_anti_spyware_profile.py" line="828" time="0.001" /><testcase classname="tests.scm.config.security.test_anti_spyware_profile.TestAntiSpywareListFilters" name="test_list_with_filters" file="tests/scm/config/security/test_anti_spyware_profile.py" line="860" time="0.001" /><testcase classname="tests.scm.config.security.test_anti_spyware_profile.TestAntiSpywareListFilters" name="test_list_filters_type_validation" file="tests/scm/config/security/test_anti_spyware_profile.py" line="884" time="0.001" /><testcase classname="tests.scm.config.security.test_anti_spyware_profile.TestAntiSpywareListFilters" name="test_list_empty_filter_lists" file="tests/scm/config/security/test_anti_spyware_profile.py" line="1182" time="0.001" /><testcase classname="tests.scm.config.security.test_anti_spyware_profile.TestAntiSpywareListFilters" name="test_list_empty_folder_error" file="tests/scm/config/security/test_anti_spyware_profile.py" line="1404" time="0.001" /><testcase classname="tests.scm.config.security.test_anti_spyware_profile.TestAntiSpywareListFilters" name="test_list_multiple_containers_error" file="tests/scm/config/security/test_anti_spyware_profile.py" line="1415" time="0.001" /><testcase classname="tests.scm.config.security.test_anti_spyware_profile.TestAntiSpywareListFilters" name="test_list_error_handling" file="tests/scm/config/security/test_anti_spyware_profile.py" line="1429" time="0.001" /><testcase classname="tests.scm.config.security.test_anti_spyware_profile.TestAntiSpywareListFilters" name="test_list_generic_exception_handling" file="tests/scm/config/security/test_anti_spyware_profile.py" line="1457" time="0.001" /><testcase classname="tests.scm.config.security.test_anti_spyware_profile.TestAntiSpywareListFilters" name="test_list_response_format_handling" file="tests/scm/config/security/test_anti_spyware_profile.py" line="1471" time="0.001" /><testcase classname="tests.scm.config.security.test_anti_spyware_profile.TestAntiSpywareListFilters" name="test_list_non_dict_response" file="tests/scm/config/security/test_anti_spyware_profile.py" line="1490" time="0.001" /><testcase classname="tests.scm.config.security.test_anti_spyware_profile.TestActionValidation" name="test_action_request_string_conversion" file="tests/scm/config/security/test_anti_spyware_profile.py" line="1523" time="0.001" /><testcase classname="tests.scm.config.security.test_anti_spyware_profile.TestActionValidation" name="test_action_request_invalid_type" file="tests/scm/config/security/test_anti_spyware_profile.py" line="1528" time="0.001" /><testcase classname="tests.scm.config.security.test_anti_spyware_profile.TestActionValidation" name="test_action_request_no_action" file="tests/scm/config/security/test_anti_spyware_profile.py" line="1537" time="0.001" /><testcase classname="tests.scm.config.security.test_anti_spyware_profile.TestActionValidation" name="test_action_request_multiple_actions" file="tests/scm/config/security/test_anti_spyware_profile.py" line="1546" time="0.001" /><testcase classname="tests.scm.config.security.test_anti_spyware_profile.TestActionValidation" name="test_action_request_get_action_name" file="tests/scm/config/security/test_anti_spyware_profile.py" line="1555" time="0.001" /><testcase classname="tests.scm.config.security.test_anti_spyware_profile.TestActionValidation" name="test_action_response_string_conversion" file="tests/scm/config/security/test_anti_spyware_profile.py" line="1561" time="0.001" /><testcase classname="tests.scm.config.security.test_anti_spyware_profile.TestActionValidation" name="test_action_response_invalid_type" file="tests/scm/config/security/test_anti_spyware_profile.py" line="1566" time="0.001" /><testcase classname="tests.scm.config.security.test_anti_spyware_profile.TestActionValidation" name="test_action_response_empty_dict" file="tests/scm/config/security/test_anti_spyware_profile.py" line="1575" time="0.001" /><testcase classname="tests.scm.config.security.test_anti_spyware_profile.TestActionValidation" name="test_action_response_single_action" file="tests/scm/config/security/test_anti_spyware_profile.py" line="1580" time="0.001" /><testcase classname="tests.scm.config.security.test_anti_spyware_profile.TestActionValidation" name="test_action_response_multiple_actions" file="tests/scm/config/security/test_anti_spyware_profile.py" line="1585" time="0.001" /><testcase classname="tests.scm.config.security.test_anti_spyware_profile.TestActionValidation" name="test_action_response_get_action_name" file="tests/scm/config/security/test_anti_spyware_profile.py" line="1594" time="0.001" /><testcase classname="tests.scm.config.security.test_anti_spyware_profile.TestActionValidation" name="test_action_request_valid_actions" file="tests/scm/config/security/test_anti_spyware_profile.py" line="1604" time="0.001" /><testcase classname="tests.scm.config.security.test_anti_spyware_profile.TestActionValidation" name="test_action_response_valid_actions" file="tests/scm/config/security/test_anti_spyware_profile.py" line="1620" time="0.001" /><testcase classname="tests.scm.config.security.test_anti_spyware_profile.TestActionValidation" name="test_block_ip_action_validation" file="tests/scm/config/security/test_anti_spyware_profile.py" line="1636" time="0.001" /><testcase classname="tests.scm.config.security.test_decryption_profile.TestDecryptionProfileAPI" name="test_list_decryption_profiles" file="tests/scm/config/security/test_decryption_profile.py" line="34" time="0.001" /><testcase classname="tests.scm.config.security.test_decryption_profile.TestDecryptionProfileAPI" name="test_create_decryption_profile" file="tests/scm/config/security/test_decryption_profile.py" line="71" time="0.001" /><testcase classname="tests.scm.config.security.test_decryption_profile.TestDecryptionProfileAPI" name="test_get_decryption_profile" file="tests/scm/config/security/test_decryption_profile.py" line="101" time="0.001" /><testcase classname="tests.scm.config.security.test_decryption_profile.TestDecryptionProfileAPI" name="test_update_decryption_profile" file="tests/scm/config/security/test_decryption_profile.py" line="123" time="0.001" /><testcase classname="tests.scm.config.security.test_decryption_profile.TestDecryptionProfileAPI" name="test_delete_decryption_profile" file="tests/scm/config/security/test_decryption_profile.py" line="167" time="0.001" /><testcase classname="tests.scm.config.security.test_decryption_profile.TestDecryptionProfileAPI" name="test_update_missing_id" file="tests/scm/config/security/test_decryption_profile.py" line="175" time="0.001" /><testcase classname="tests.scm.config.security.test_decryption_profile.TestDecryptionProfileAPI" name="test_update_response_handling" file="tests/scm/config/security/test_decryption_profile.py" line="188" time="0.001" /><testcase classname="tests.scm.config.security.test_decryption_profile.TestDecryptionProfileAPI" name="test_list_pagination_validation" file="tests/scm/config/security/test_decryption_profile.py" line="244" time="0.001" /><testcase classname="tests.scm.config.security.test_decryption_profile.TestDecryptionProfileAPI" name="test_list_container_validation" file="tests/scm/config/security/test_decryption_profile.py" line="262" time="0.001" /><testcase classname="tests.scm.config.security.test_decryption_profile.TestDecryptionProfileAPI" name="test_list_with_pagination_and_filters" file="tests/scm/config/security/test_decryption_profile.py" line="280" time="0.001" /><testcase classname="tests.scm.config.security.test_decryption_profile.TestDecryptionProfileAPI" name="test_fetch_validations_and_filters" file="tests/scm/config/security/test_decryption_profile.py" line="299" time="0.001" /><testcase classname="tests.scm.config.security.test_decryption_profile.TestDecryptionProfileValidation" name="test_ssl_protocol_settings_validation" file="tests/scm/config/security/test_decryption_profile.py" line="343" time="0.001" /><testcase classname="tests.scm.config.security.test_decryption_profile.TestDecryptionProfileValidation" name="test_container_validation" file="tests/scm/config/security/test_decryption_profile.py" line="361" time="0.001" /><testcase classname="tests.scm.config.security.test_decryption_profile.TestDecryptionProfileValidation" name="test_name_pattern_validation" file="tests/scm/config/security/test_decryption_profile.py" line="374" time="0.001" /><testcase classname="tests.scm.config.security.test_decryption_profile.TestDecryptionProfileValidation" name="test_ssl_version_validation" file="tests/scm/config/security/test_decryption_profile.py" line="384" time="0.001" /><testcase classname="tests.scm.config.security.test_decryption_profile.TestDecryptionProfileValidation" name="test_uuid_validation" file="tests/scm/config/security/test_decryption_profile.py" line="401" time="0.001" /><testcase classname="tests.scm.config.security.test_decryption_profile.TestSuite" name="test_ssl_protocol_settings_validation" file="tests/scm/config/security/test_decryption_profile.py" line="343" time="0.001" /><testcase classname="tests.scm.config.security.test_decryption_profile.TestSuite" name="test_container_validation" file="tests/scm/config/security/test_decryption_profile.py" line="361" time="0.001" /><testcase classname="tests.scm.config.security.test_decryption_profile.TestSuite" name="test_name_pattern_validation" file="tests/scm/config/security/test_decryption_profile.py" line="374" time="0.034" /><testcase classname="tests.scm.config.security.test_decryption_profile.TestSuite" name="test_ssl_version_validation" file="tests/scm/config/security/test_decryption_profile.py" line="384" time="0.001" /><testcase classname="tests.scm.config.security.test_decryption_profile.TestSuite" name="test_uuid_validation" file="tests/scm/config/security/test_decryption_profile.py" line="401" time="0.001" /><testcase classname="tests.scm.config.security.test_decryption_profile.TestSuite" name="test_list_decryption_profiles" file="tests/scm/config/security/test_decryption_profile.py" line="34" time="0.001" /><testcase classname="tests.scm.config.security.test_decryption_profile.TestSuite" name="test_create_decryption_profile" file="tests/scm/config/security/test_decryption_profile.py" line="71" time="0.001" /><testcase classname="tests.scm.config.security.test_decryption_profile.TestSuite" name="test_get_decryption_profile" file="tests/scm/config/security/test_decryption_profile.py" line="101" time="0.001" /><testcase classname="tests.scm.config.security.test_decryption_profile.TestSuite" name="test_update_decryption_profile" file="tests/scm/config/security/test_decryption_profile.py" line="123" time="0.001" /><testcase classname="tests.scm.config.security.test_decryption_profile.TestSuite" name="test_delete_decryption_profile" file="tests/scm/config/security/test_decryption_profile.py" line="167" time="0.001" /><testcase classname="tests.scm.config.security.test_decryption_profile.TestSuite" name="test_update_missing_id" file="tests/scm/config/security/test_decryption_profile.py" line="175" time="0.001" /><testcase classname="tests.scm.config.security.test_decryption_profile.TestSuite" name="test_update_response_handling" file="tests/scm/config/security/test_decryption_profile.py" line="188" time="0.001" /><testcase classname="tests.scm.config.security.test_decryption_profile.TestSuite" name="test_list_pagination_validation" file="tests/scm/config/security/test_decryption_profile.py" line="244" time="0.001" /><testcase classname="tests.scm.config.security.test_decryption_profile.TestSuite" name="test_list_container_validation" file="tests/scm/config/security/test_decryption_profile.py" line="262" time="0.001" /><testcase classname="tests.scm.config.security.test_decryption_profile.TestSuite" name="test_list_with_pagination_and_filters" file="tests/scm/config/security/test_decryption_profile.py" line="280" time="0.001" /><testcase classname="tests.scm.config.security.test_decryption_profile.TestSuite" name="test_fetch_validations_and_filters" file="tests/scm/config/security/test_decryption_profile.py" line="299" time="0.001" /><testcase classname="tests.scm.config.security.test_dns_security_profile.TestDNSSecurityProfileAPI" name="test_list_dns_security_profiles" file="tests/scm/config/security/test_dns_security_profile.py" line="42" time="0.001" /><testcase classname="tests.scm.config.security.test_dns_security_profile.TestDNSSecurityProfileAPI" name="test_create_dns_security_profile" file="tests/scm/config/security/test_dns_security_profile.py" line="180" time="0.002" /><testcase classname="tests.scm.config.security.test_dns_security_profile.TestDNSSecurityProfileAPI" name="test_get_dns_security_profile" file="tests/scm/config/security/test_dns_security_profile.py" line="203" time="0.001" /><testcase classname="tests.scm.config.security.test_dns_security_profile.TestDNSSecurityProfileAPI" name="test_update_dns_security_profile" file="tests/scm/config/security/test_dns_security_profile.py" line="245" time="0.001" /><testcase classname="tests.scm.config.security.test_dns_security_profile.TestDNSSecurityProfileAPI" name="test_dns_security_profile_update_model_validation" file="tests/scm/config/security/test_dns_security_profile.py" line="309" time="0.001" /><testcase classname="tests.scm.config.security.test_dns_security_profile.TestDNSSecurityProfileAPI" name="test_delete_dns_security_profile" file="tests/scm/config/security/test_dns_security_profile.py" line="337" time="0.001" /><testcase classname="tests.scm.config.security.test_dns_security_profile.TestDNSSecurityProfileAPI" name="test_fetch_dns_security_profile_success" file="tests/scm/config/security/test_dns_security_profile.py" line="348" time="0.001" /><testcase classname="tests.scm.config.security.test_dns_security_profile.TestDNSSecurityProfileAPI" name="test_fetch_dns_security_profile_validations" file="tests/scm/config/security/test_dns_security_profile.py" line="388" time="0.001" /><testcase classname="tests.scm.config.security.test_dns_security_profile.TestDNSSecurityProfileAPI" name="test_fetch_dns_security_profile_with_different_containers" file="tests/scm/config/security/test_dns_security_profile.py" line="430" time="0.001" /><testcase classname="tests.scm.config.security.test_dns_security_profile.TestDNSSecurityProfileAPI" name="test_fetch_dns_security_profile_with_filters" file="tests/scm/config/security/test_dns_security_profile.py" line="464" time="0.001" /><testcase classname="tests.scm.config.security.test_dns_security_profile.TestDNSSecurityProfileAPI" name="test_fetch_dns_security_profile_response_handling" file="tests/scm/config/security/test_dns_security_profile.py" line="496" time="0.001" /><testcase classname="tests.scm.config.security.test_dns_security_profile.TestDNSSecurityProfileValidation" name="test_dns_security_profile_request_model_validation_errors" file="tests/scm/config/security/test_dns_security_profile.py" line="534" time="0.001" /><testcase classname="tests.scm.config.security.test_dns_security_profile.TestDNSSecurityProfileValidation" name="test_dns_security_profile_list_validation_error" file="tests/scm/config/security/test_dns_security_profile.py" line="596" time="0.001" /><testcase classname="tests.scm.config.security.test_dns_security_profile.TestDNSSecurityProfileValidation" name="test_dns_security_profile_list_with_invalid_pagination" file="tests/scm/config/security/test_dns_security_profile.py" line="606" time="0.001" /><testcase classname="tests.scm.config.security.test_dns_security_profile.TestListActionValidation" name="test_list_action_request_validation" file="tests/scm/config/security/test_dns_security_profile.py" line="622" time="0.001" /><testcase classname="tests.scm.config.security.test_dns_security_profile.TestModelValidation" name="test_dns_security_profile_response_id_validation" file="tests/scm/config/security/test_dns_security_profile.py" line="656" time="0.000" /><testcase classname="tests.scm.config.security.test_dns_security_profile.TestDNSSecurityProfilePagination" name="test_list_dns_security_profiles_with_pagination" file="tests/scm/config/security/test_dns_security_profile.py" line="694" time="0.001" /><testcase classname="tests.scm.config.security.test_dns_security_profile.TestDNSSecurityProfilePagination" name="test_list_dns_security_profiles_with_name_filter" file="tests/scm/config/security/test_dns_security_profile.py" line="732" time="0.001" /><testcase classname="tests.scm.config.security.test_dns_security_profile.TestSuite" name="test_dns_security_profile_response_id_validation" file="tests/scm/config/security/test_dns_security_profile.py" line="656" time="0.001" /><testcase classname="tests.scm.config.security.test_dns_security_profile.TestSuite" name="test_list_dns_security_profiles_with_pagination" file="tests/scm/config/security/test_dns_security_profile.py" line="694" time="0.001" /><testcase classname="tests.scm.config.security.test_dns_security_profile.TestSuite" name="test_list_dns_security_profiles_with_name_filter" file="tests/scm/config/security/test_dns_security_profile.py" line="732" time="0.001" /><testcase classname="tests.scm.config.security.test_dns_security_profile.TestSuite" name="test_list_action_request_validation" file="tests/scm/config/security/test_dns_security_profile.py" line="622" time="0.001" /><testcase classname="tests.scm.config.security.test_dns_security_profile.TestSuite" name="test_dns_security_profile_request_model_validation_errors" file="tests/scm/config/security/test_dns_security_profile.py" line="534" time="0.001" /><testcase classname="tests.scm.config.security.test_dns_security_profile.TestSuite" name="test_dns_security_profile_list_validation_error" file="tests/scm/config/security/test_dns_security_profile.py" line="596" time="0.001" /><testcase classname="tests.scm.config.security.test_dns_security_profile.TestSuite" name="test_dns_security_profile_list_with_invalid_pagination" file="tests/scm/config/security/test_dns_security_profile.py" line="606" time="0.001" /><testcase classname="tests.scm.config.security.test_dns_security_profile.TestSuite" name="test_list_dns_security_profiles" file="tests/scm/config/security/test_dns_security_profile.py" line="42" time="0.001" /><testcase classname="tests.scm.config.security.test_dns_security_profile.TestSuite" name="test_create_dns_security_profile" file="tests/scm/config/security/test_dns_security_profile.py" line="180" time="0.002" /><testcase classname="tests.scm.config.security.test_dns_security_profile.TestSuite" name="test_get_dns_security_profile" file="tests/scm/config/security/test_dns_security_profile.py" line="203" time="0.001" /><testcase classname="tests.scm.config.security.test_dns_security_profile.TestSuite" name="test_update_dns_security_profile" file="tests/scm/config/security/test_dns_security_profile.py" line="245" time="0.001" /><testcase classname="tests.scm.config.security.test_dns_security_profile.TestSuite" name="test_dns_security_profile_update_model_validation" file="tests/scm/config/security/test_dns_security_profile.py" line="309" time="0.001" /><testcase classname="tests.scm.config.security.test_dns_security_profile.TestSuite" name="test_delete_dns_security_profile" file="tests/scm/config/security/test_dns_security_profile.py" line="337" time="0.001" /><testcase classname="tests.scm.config.security.test_dns_security_profile.TestSuite" name="test_fetch_dns_security_profile_success" file="tests/scm/config/security/test_dns_security_profile.py" line="348" time="0.001" /><testcase classname="tests.scm.config.security.test_dns_security_profile.TestSuite" name="test_fetch_dns_security_profile_validations" file="tests/scm/config/security/test_dns_security_profile.py" line="388" time="0.001" /><testcase classname="tests.scm.config.security.test_dns_security_profile.TestSuite" name="test_fetch_dns_security_profile_with_different_containers" file="tests/scm/config/security/test_dns_security_profile.py" line="430" time="0.001" /><testcase classname="tests.scm.config.security.test_dns_security_profile.TestSuite" name="test_fetch_dns_security_profile_with_filters" file="tests/scm/config/security/test_dns_security_profile.py" line="464" time="0.002" /><testcase classname="tests.scm.config.security.test_dns_security_profile.TestSuite" name="test_fetch_dns_security_profile_response_handling" file="tests/scm/config/security/test_dns_security_profile.py" line="496" time="0.001" /><testcase classname="tests.scm.config.security.test_security_rules.TestSecurityRuleBasicOperations" name="test_create_security_rule" file="tests/scm/config/security/test_security_rules.py" line="27" time="0.001" /><testcase classname="tests.scm.config.security.test_security_rules.TestSecurityRuleBasicOperations" name="test_create_with_explicit_rulebase" file="tests/scm/config/security/test_security_rules.py" line="57" time="0.001" /><testcase classname="tests.scm.config.security.test_security_rules.TestSecurityRuleAPI" name="test_list_security_rules" file="tests/scm/config/security/test_security_rules.py" line="95" time="0.001" /><testcase classname="tests.scm.config.security.test_security_rules.TestSecurityRuleAPI" name="test_create_security_rule" file="tests/scm/config/security/test_security_rules.py" line="477" time="0.001" /><testcase classname="tests.scm.config.security.test_security_rules.TestSecurityRuleAPI" name="test_create_security_rule_with_explicit_rulebase" file="tests/scm/config/security/test_security_rules.py" line="511" time="0.001" /><testcase classname="tests.scm.config.security.test_security_rules.TestSecurityRuleAPI" name="test_update_security_rule" file="tests/scm/config/security/test_security_rules.py" line="544" time="0.001" /><testcase classname="tests.scm.config.security.test_security_rules.TestSecurityRuleAPI" name="test_get_security_rule" file="tests/scm/config/security/test_security_rules.py" line="582" time="0.001" /><testcase classname="tests.scm.config.security.test_security_rules.TestSecurityRuleAPI" name="test_delete_security_rule" file="tests/scm/config/security/test_security_rules.py" line="616" time="0.001" /><testcase classname="tests.scm.config.security.test_security_rules.TestSecurityRuleAPI" name="test_security_rule_list_with_invalid_offset_limit" file="tests/scm/config/security/test_security_rules.py" line="634" time="0.001" /><testcase classname="tests.scm.config.security.test_security_rules.TestSecurityRuleAPI" name="test_security_rule_list_no_container_provided" file="tests/scm/config/security/test_security_rules.py" line="673" time="0.001" /><testcase classname="tests.scm.config.security.test_security_rules.TestSecurityRuleAPI" name="test_security_rule_list_multiple_containers_provided" file="tests/scm/config/security/test_security_rules.py" line="694" time="0.001" /><testcase classname="tests.scm.config.security.test_security_rules.TestSecurityRuleAPI" name="test_security_rule_list_with_name_filter" file="tests/scm/config/security/test_security_rules.py" line="718" time="0.001" /><testcase classname="tests.scm.config.security.test_security_rules.TestSecurityRuleAPI" name="test_security_rule_list_with_additional_filters" file="tests/scm/config/security/test_security_rules.py" line="753" time="0.001" /><testcase classname="tests.scm.config.security.test_security_rules.TestSecurityRuleAPI" name="test_security_rule_list_with_offset_limit" file="tests/scm/config/security/test_security_rules.py" line="798" time="0.001" /><testcase classname="tests.scm.config.security.test_security_rules.TestSecurityRuleAPI" name="test_invalid_rulebase_value" file="tests/scm/config/security/test_security_rules.py" line="834" time="0.001" /><testcase classname="tests.scm.config.security.test_security_rules.TestSecurityRuleAPI" name="test_update_security_rule_with_invalid_rulebase" file="tests/scm/config/security/test_security_rules.py" line="863" time="0.001" /><testcase classname="tests.scm.config.security.test_security_rules.TestSecurityRuleAPI" name="test_update_security_rule_with_alternate_case" file="tests/scm/config/security/test_security_rules.py" line="890" time="0.001" /><testcase classname="tests.scm.config.security.test_security_rules.TestSecurityRuleAPI" name="test_delete_security_rule_with_invalid_rulebase" file="tests/scm/config/security/test_security_rules.py" line="929" time="0.001" /><testcase classname="tests.scm.config.security.test_security_rules.TestSecurityRuleAPI" name="test_delete_security_rule_with_alternate_case" file="tests/scm/config/security/test_security_rules.py" line="948" time="0.001" /><testcase classname="tests.scm.config.security.test_security_rules.TestSecurityRuleAPI" name="test_get_security_rule_with_invalid_rulebase" file="tests/scm/config/security/test_security_rules.py" line="966" time="0.001" /><testcase classname="tests.scm.config.security.test_security_rules.TestSecurityRuleAPI" name="test_get_security_rule_with_alternate_case" file="tests/scm/config/security/test_security_rules.py" line="984" time="0.001" /><testcase classname="tests.scm.config.security.test_security_rules.TestSecurityRuleModels" name="test_create_security_rule_with_invalid_names" file="tests/scm/config/security/test_security_rules.py" line="1023" time="0.000" /><testcase classname="tests.scm.config.security.test_security_rules.TestSecurityRuleModels" name="test_security_rule_response_model_invalid_uuid" file="tests/scm/config/security/test_security_rules.py" line="1083" time="0.000" /><testcase classname="tests.scm.config.security.test_security_rules.TestSecurityRuleModels" name="test_security_rule_request_model_no_container_provided" file="tests/scm/config/security/test_security_rules.py" line="1099" time="0.000" /><testcase classname="tests.scm.config.security.test_security_rules.TestSecurityRuleModels" name="test_security_rule_request_model_multiple_containers_provided" file="tests/scm/config/security/test_security_rules.py" line="1115" time="0.000" /><testcase classname="tests.scm.config.security.test_security_rules.TestSecurityRuleModels" name="test_ensure_list_of_strings_single_string" file="tests/scm/config/security/test_security_rules.py" line="1133" time="0.000" /><testcase classname="tests.scm.config.security.test_security_rules.TestSecurityRuleModels" name="test_ensure_list_of_strings_invalid_type" file="tests/scm/config/security/test_security_rules.py" line="1148" time="0.000" /><testcase classname="tests.scm.config.security.test_security_rules.TestSecurityRuleModels" name="test_ensure_list_of_strings_non_string_items" file="tests/scm/config/security/test_security_rules.py" line="1162" time="0.000" /><testcase classname="tests.scm.config.security.test_security_rules.TestSecurityRuleModels" name="test_ensure_unique_items" file="tests/scm/config/security/test_security_rules.py" line="1176" time="0.000" /><testcase classname="tests.scm.config.security.test_security_rules.TestStringValidator" name="test_string_validator" file="tests/scm/config/security/test_security_rules.py" line="1194" time="0.000" /><testcase classname="tests.scm.config.security.test_security_rules.TestProfileSetting" name="test_profile_setting_validate_unique_items" file="tests/scm/config/security/test_security_rules.py" line="1215" time="0.000" /><testcase classname="tests.scm.config.security.test_security_rules.TestSecurityRuleMoveModel" name="test_validate_uuid_fields_none_value" file="tests/scm/config/security/test_security_rules.py" line="1232" time="0.000" /><testcase classname="tests.scm.config.security.test_security_rules.TestSecurityRuleMoveModel" name="test_validate_uuid_fields_valid_uuid" file="tests/scm/config/security/test_security_rules.py" line="1242" time="0.000" /><testcase classname="tests.scm.config.security.test_security_rules.TestSecurityRuleMoveModel" name="test_validate_uuid_fields_invalid_uuid" file="tests/scm/config/security/test_security_rules.py" line="1252" time="0.000" /><testcase classname="tests.scm.config.security.test_security_rules.TestSecurityRuleMoveModel" name="test_validate_uuid_fields_both_fields" file="tests/scm/config/security/test_security_rules.py" line="1261" time="0.000" /><testcase classname="tests.scm.config.security.test_security_rules.TestSecurityRuleMoveModel" name="test_validate_move_configuration_before_with_destination_rule" file="tests/scm/config/security/test_security_rules.py" line="1274" time="0.000" /><testcase classname="tests.scm.config.security.test_security_rules.TestSecurityRuleMoveModel" name="test_validate_move_configuration_after_with_destination_rule" file="tests/scm/config/security/test_security_rules.py" line="1284" time="0.000" /><testcase classname="tests.scm.config.security.test_security_rules.TestSecurityRuleMoveModel" name="test_validate_move_configuration_before_without_destination_rule" file="tests/scm/config/security/test_security_rules.py" line="1294" time="0.000" /><testcase classname="tests.scm.config.security.test_security_rules.TestSecurityRuleMoveModel" name="test_validate_move_configuration_after_without_destination_rule" file="tests/scm/config/security/test_security_rules.py" line="1306" time="0.000" /><testcase classname="tests.scm.config.security.test_security_rules.TestSecurityRuleMoveModel" name="test_validate_move_configuration_top_with_destination_rule" file="tests/scm/config/security/test_security_rules.py" line="1317" time="0.000" /><testcase classname="tests.scm.config.security.test_security_rules.TestSecurityRuleMoveModel" name="test_validate_move_configuration_bottom_with_destination_rule" file="tests/scm/config/security/test_security_rules.py" line="1330" time="0.000" /><testcase classname="tests.scm.config.security.test_security_rules.TestSecurityRuleMoveModel" name="test_validate_move_configuration_successful_return" file="tests/scm/config/security/test_security_rules.py" line="1343" time="0.000" /><testcase classname="tests.scm.config.security.test_security_rules.TestSecurityRule" name="test_move_model_instantiation" file="tests/scm/config/security/test_security_rules.py" line="1363" time="0.003" /><testcase classname="tests.scm.config.security.test_security_rules.TestSecurityRule" name="test_move_payload_generation" file="tests/scm/config/security/test_security_rules.py" line="1385" time="0.001" /><testcase classname="tests.scm.config.security.test_security_rules.TestSecurityRule" name="test_move_endpoint_construction" file="tests/scm/config/security/test_security_rules.py" line="1410" time="0.001" /><testcase classname="tests.scm.config.security.test_security_rules.TestSecurityRule" name="test_move_api_call" file="tests/scm/config/security/test_security_rules.py" line="1428" time="0.001" /><testcase classname="tests.scm.config.security.test_security_rules.TestSecurityRuleFetch" name="test_fetch_security_rule_success" file="tests/scm/config/security/test_security_rules.py" line="1458" time="0.001" /><testcase classname="tests.scm.config.security.test_security_rules.TestSecurityRuleFetch" name="test_fetch_security_rule_validations" file="tests/scm/config/security/test_security_rules.py" line="1492" time="0.001" /><testcase classname="tests.scm.config.security.test_security_rules.TestSecurityRuleFetch" name="test_fetch_security_rule_with_different_containers" file="tests/scm/config/security/test_security_rules.py" line="1523" time="0.001" /><testcase classname="tests.scm.config.security.test_security_rules.TestSecurityRuleFetch" name="test_fetch_security_rule_with_filters" file="tests/scm/config/security/test_security_rules.py" line="1557" time="0.001" /><testcase classname="tests.scm.config.security.test_security_rules.TestSecurityRuleFetch" name="test_fetch_security_rule_response_handling" file="tests/scm/config/security/test_security_rules.py" line="1589" time="0.001" /><testcase classname="tests.scm.config.security.test_security_rules.TestSecurityRuleFetch" name="test_fetch_security_rule_not_found" file="tests/scm/config/security/test_security_rules.py" line="1626" time="0.001" /><testcase classname="tests.scm.config.security.test_security_rules.TestSecurityRuleFetch" name="test_fetch_security_rule_api_error" file="tests/scm/config/security/test_security_rules.py" line="1642" time="0.001" /><testcase classname="tests.scm.config.security.test_vulnerability_protection_profiles.TestVulnerabilityProtectionProfileAPI" name="test_list_vulnerability_protection_profiles" file="tests/scm/config/security/test_vulnerability_protection_profiles.py" line="40" time="0.001" /><testcase classname="tests.scm.config.security.test_vulnerability_protection_profiles.TestVulnerabilityProtectionProfileAPI" name="test_create_vulnerability_protection_profile" file="tests/scm/config/security/test_vulnerability_protection_profiles.py" line="94" time="0.001" /><testcase classname="tests.scm.config.security.test_vulnerability_protection_profiles.TestVulnerabilityProtectionProfileAPI" name="test_get_vulnerability_protection_profile" file="tests/scm/config/security/test_vulnerability_protection_profiles.py" line="139" time="0.001" /><testcase classname="tests.scm.config.security.test_vulnerability_protection_profiles.TestVulnerabilityProtectionProfileAPI" name="test_update_vulnerability_protection_profile" file="tests/scm/config/security/test_vulnerability_protection_profiles.py" line="167" time="0.001" /><testcase classname="tests.scm.config.security.test_vulnerability_protection_profiles.TestVulnerabilityProtectionProfileAPI" name="test_delete_vulnerability_protection_profile" file="tests/scm/config/security/test_vulnerability_protection_profiles.py" line="206" time="0.001" /><testcase classname="tests.scm.config.security.test_vulnerability_protection_profiles.TestVulnerabilityProtectionProfileValidation" name="test_request_model_container_validation" file="tests/scm/config/security/test_vulnerability_protection_profiles.py" line="227" time="0.001" /><testcase classname="tests.scm.config.security.test_vulnerability_protection_profiles.TestVulnerabilityProtectionProfileValidation" name="test_rule_request_validation" file="tests/scm/config/security/test_vulnerability_protection_profiles.py" line="255" time="0.001" /><testcase classname="tests.scm.config.security.test_vulnerability_protection_profiles.TestVulnerabilityProtectionProfileValidation" name="test_threat_exception_validation" file="tests/scm/config/security/test_vulnerability_protection_profiles.py" line="268" time="0.001" /><testcase classname="tests.scm.config.security.test_vulnerability_protection_profiles.TestVulnerabilityProtectionProfileValidation" name="test_action_validation" file="tests/scm/config/security/test_vulnerability_protection_profiles.py" line="280" time="0.001" /><testcase classname="tests.scm.config.security.test_vulnerability_protection_profiles.TestVulnerabilityProtectionProfileValidation" name="test_time_attribute_validation" file="tests/scm/config/security/test_vulnerability_protection_profiles.py" line="294" time="0.001" /><testcase classname="tests.scm.config.security.test_vulnerability_protection_profiles.TestVulnerabilityProtectionProfileValidation" name="test_action_request_block_ip_non_dict_value" file="tests/scm/config/security/test_vulnerability_protection_profiles.py" line="307" time="0.001" /><testcase classname="tests.scm.config.security.test_vulnerability_protection_profiles.TestVulnerabilityProtectionProfileValidation" name="test_action_request_block_ip_invalid_fields" file="tests/scm/config/security/test_vulnerability_protection_profiles.py" line="320" time="0.001" /><testcase classname="tests.scm.config.security.test_vulnerability_protection_profiles.TestVulnerabilityProtectionProfileValidation" name="test_action_request_non_block_ip_action_with_parameters" file="tests/scm/config/security/test_vulnerability_protection_profiles.py" line="330" time="0.001" /><testcase classname="tests.scm.config.security.test_vulnerability_protection_profiles.TestVulnerabilityProtectionProfileValidation" name="test_action_request_get_action_name" file="tests/scm/config/security/test_vulnerability_protection_profiles.py" line="340" time="0.001" /><testcase classname="tests.scm.config.security.test_vulnerability_protection_profiles.TestVulnerabilityProtectionProfileValidation" name="test_action_response_invalid_format" file="tests/scm/config/security/test_vulnerability_protection_profiles.py" line="353" time="0.001" /><testcase classname="tests.scm.config.security.test_vulnerability_protection_profiles.TestVulnerabilityProtectionProfileValidation" name="test_action_response_multiple_actions" file="tests/scm/config/security/test_vulnerability_protection_profiles.py" line="363" time="0.001" /><testcase classname="tests.scm.config.security.test_vulnerability_protection_profiles.TestVulnerabilityProtectionProfileValidation" name="test_action_response_block_ip_non_dict_value" file="tests/scm/config/security/test_vulnerability_protection_profiles.py" line="375" time="0.001" /><testcase classname="tests.scm.config.security.test_vulnerability_protection_profiles.TestVulnerabilityProtectionProfileValidation" name="test_action_response_block_ip_invalid_fields" file="tests/scm/config/security/test_vulnerability_protection_profiles.py" line="388" time="0.001" /><testcase classname="tests.scm.config.security.test_vulnerability_protection_profiles.TestVulnerabilityProtectionProfileValidation" name="test_action_response_non_block_ip_action_with_parameters" file="tests/scm/config/security/test_vulnerability_protection_profiles.py" line="398" time="0.001" /><testcase classname="tests.scm.config.security.test_vulnerability_protection_profiles.TestVulnerabilityProtectionProfileValidation" name="test_action_response_invalid_action" file="tests/scm/config/security/test_vulnerability_protection_profiles.py" line="408" time="0.001" /><testcase classname="tests.scm.config.security.test_vulnerability_protection_profiles.TestVulnerabilityProtectionProfileValidation" name="test_action_response_get_action_name" file="tests/scm/config/security/test_vulnerability_protection_profiles.py" line="418" time="0.001" /><testcase classname="tests.scm.config.security.test_vulnerability_protection_profiles.TestVulnerabilityProtectionProfileValidation" name="test_vulnerability_protection_profile_response_invalid_id" file="tests/scm/config/security/test_vulnerability_protection_profiles.py" line="431" time="0.001" /><testcase classname="tests.scm.config.security.test_vulnerability_protection_profiles.TestVulnerabilityProtectionProfileValidation" name="test_vulnerability_protection_profile_update_invalid_id" file="tests/scm/config/security/test_vulnerability_protection_profiles.py" line="445" time="0.001" /><testcase classname="tests.scm.config.security.test_vulnerability_protection_profiles.TestVulnerabilityProtectionProfileValidation" name="test_update_model_uuid_validation" file="tests/scm/config/security/test_vulnerability_protection_profiles.py" line="458" time="0.001" /><testcase classname="tests.scm.config.security.test_vulnerability_protection_profiles.TestVulnerabilityProtectionProfileValidation" name="test_list_pagination_validation" file="tests/scm/config/security/test_vulnerability_protection_profiles.py" line="472" time="0.001" /><testcase classname="tests.scm.config.security.test_vulnerability_protection_profiles.TestVulnerabilityProtectionProfileValidation" name="test_list_container_validation" file="tests/scm/config/security/test_vulnerability_protection_profiles.py" line="492" time="0.001" /><testcase classname="tests.scm.config.security.test_vulnerability_protection_profiles.TestVulnerabilityProtectionProfileValidation" name="test_list_parameter_handling" file="tests/scm/config/security/test_vulnerability_protection_profiles.py" line="510" time="0.001" /><testcase classname="tests.scm.config.security.test_vulnerability_protection_profiles.TestVulnerabilityProtectionProfileValidation" name="test_fetch_validation_and_handling" file="tests/scm/config/security/test_vulnerability_protection_profiles.py" line="524" time="0.001" /><testcase classname="tests.scm.config.security.test_vulnerability_protection_profiles.TestSuite" name="test_request_model_container_validation" file="tests/scm/config/security/test_vulnerability_protection_profiles.py" line="227" time="0.001" /><testcase classname="tests.scm.config.security.test_vulnerability_protection_profiles.TestSuite" name="test_rule_request_validation" file="tests/scm/config/security/test_vulnerability_protection_profiles.py" line="255" time="0.001" /><testcase classname="tests.scm.config.security.test_vulnerability_protection_profiles.TestSuite" name="test_threat_exception_validation" file="tests/scm/config/security/test_vulnerability_protection_profiles.py" line="268" time="0.001" /><testcase classname="tests.scm.config.security.test_vulnerability_protection_profiles.TestSuite" name="test_action_validation" file="tests/scm/config/security/test_vulnerability_protection_profiles.py" line="280" time="0.001" /><testcase classname="tests.scm.config.security.test_vulnerability_protection_profiles.TestSuite" name="test_time_attribute_validation" file="tests/scm/config/security/test_vulnerability_protection_profiles.py" line="294" time="0.001" /><testcase classname="tests.scm.config.security.test_vulnerability_protection_profiles.TestSuite" name="test_action_request_block_ip_non_dict_value" file="tests/scm/config/security/test_vulnerability_protection_profiles.py" line="307" time="0.001" /><testcase classname="tests.scm.config.security.test_vulnerability_protection_profiles.TestSuite" name="test_action_request_block_ip_invalid_fields" file="tests/scm/config/security/test_vulnerability_protection_profiles.py" line="320" time="0.001" /><testcase classname="tests.scm.config.security.test_vulnerability_protection_profiles.TestSuite" name="test_action_request_non_block_ip_action_with_parameters" file="tests/scm/config/security/test_vulnerability_protection_profiles.py" line="330" time="0.001" /><testcase classname="tests.scm.config.security.test_vulnerability_protection_profiles.TestSuite" name="test_action_request_get_action_name" file="tests/scm/config/security/test_vulnerability_protection_profiles.py" line="340" time="0.001" /><testcase classname="tests.scm.config.security.test_vulnerability_protection_profiles.TestSuite" name="test_action_response_invalid_format" file="tests/scm/config/security/test_vulnerability_protection_profiles.py" line="353" time="0.001" /><testcase classname="tests.scm.config.security.test_vulnerability_protection_profiles.TestSuite" name="test_action_response_multiple_actions" file="tests/scm/config/security/test_vulnerability_protection_profiles.py" line="363" time="0.040" /><testcase classname="tests.scm.config.security.test_vulnerability_protection_profiles.TestSuite" name="test_action_response_block_ip_non_dict_value" file="tests/scm/config/security/test_vulnerability_protection_profiles.py" line="375" time="0.001" /><testcase classname="tests.scm.config.security.test_vulnerability_protection_profiles.TestSuite" name="test_action_response_block_ip_invalid_fields" file="tests/scm/config/security/test_vulnerability_protection_profiles.py" line="388" time="0.001" /><testcase classname="tests.scm.config.security.test_vulnerability_protection_profiles.TestSuite" name="test_action_response_non_block_ip_action_with_parameters" file="tests/scm/config/security/test_vulnerability_protection_profiles.py" line="398" time="0.001" /><testcase classname="tests.scm.config.security.test_vulnerability_protection_profiles.TestSuite" name="test_action_response_invalid_action" file="tests/scm/config/security/test_vulnerability_protection_profiles.py" line="408" time="0.001" /><testcase classname="tests.scm.config.security.test_vulnerability_protection_profiles.TestSuite" name="test_action_response_get_action_name" file="tests/scm/config/security/test_vulnerability_protection_profiles.py" line="418" time="0.001" /><testcase classname="tests.scm.config.security.test_vulnerability_protection_profiles.TestSuite" name="test_vulnerability_protection_profile_response_invalid_id" file="tests/scm/config/security/test_vulnerability_protection_profiles.py" line="431" time="0.001" /><testcase classname="tests.scm.config.security.test_vulnerability_protection_profiles.TestSuite" name="test_vulnerability_protection_profile_update_invalid_id" file="tests/scm/config/security/test_vulnerability_protection_profiles.py" line="445" time="0.001" /><testcase classname="tests.scm.config.security.test_vulnerability_protection_profiles.TestSuite" name="test_update_model_uuid_validation" file="tests/scm/config/security/test_vulnerability_protection_profiles.py" line="458" time="0.001" /><testcase classname="tests.scm.config.security.test_vulnerability_protection_profiles.TestSuite" name="test_list_pagination_validation" file="tests/scm/config/security/test_vulnerability_protection_profiles.py" line="472" time="0.001" /><testcase classname="tests.scm.config.security.test_vulnerability_protection_profiles.TestSuite" name="test_list_container_validation" file="tests/scm/config/security/test_vulnerability_protection_profiles.py" line="492" time="0.001" /><testcase classname="tests.scm.config.security.test_vulnerability_protection_profiles.TestSuite" name="test_list_parameter_handling" file="tests/scm/config/security/test_vulnerability_protection_profiles.py" line="510" time="0.001" /><testcase classname="tests.scm.config.security.test_vulnerability_protection_profiles.TestSuite" name="test_fetch_validation_and_handling" file="tests/scm/config/security/test_vulnerability_protection_profiles.py" line="524" time="0.001" /><testcase classname="tests.scm.config.security.test_vulnerability_protection_profiles.TestSuite" name="test_list_vulnerability_protection_profiles" file="tests/scm/config/security/test_vulnerability_protection_profiles.py" line="40" time="0.001" /><testcase classname="tests.scm.config.security.test_vulnerability_protection_profiles.TestSuite" name="test_create_vulnerability_protection_profile" file="tests/scm/config/security/test_vulnerability_protection_profiles.py" line="94" time="0.001" /><testcase classname="tests.scm.config.security.test_vulnerability_protection_profiles.TestSuite" name="test_get_vulnerability_protection_profile" file="tests/scm/config/security/test_vulnerability_protection_profiles.py" line="139" time="0.001" /><testcase classname="tests.scm.config.security.test_vulnerability_protection_profiles.TestSuite" name="test_update_vulnerability_protection_profile" file="tests/scm/config/security/test_vulnerability_protection_profiles.py" line="167" time="0.001" /><testcase classname="tests.scm.config.security.test_vulnerability_protection_profiles.TestSuite" name="test_delete_vulnerability_protection_profile" file="tests/scm/config/security/test_vulnerability_protection_profiles.py" line="206" time="0.001" /><testcase classname="tests.scm.config.security.test_wildfire_antivirus_profiles.TestWildfireAntivirusProfileAPI" name="test_list_wildfire_antivirus_profiles" file="tests/scm/config/security/test_wildfire_antivirus_profiles.py" line="34" time="0.001" /><testcase classname="tests.scm.config.security.test_wildfire_antivirus_profiles.TestWildfireAntivirusProfileAPI" name="test_create_wildfire_antivirus_profile" file="tests/scm/config/security/test_wildfire_antivirus_profiles.py" line="92" time="0.002" /><testcase classname="tests.scm.config.security.test_wildfire_antivirus_profiles.TestWildfireAntivirusProfileAPI" name="test_get_wildfire_antivirus_profile" file="tests/scm/config/security/test_wildfire_antivirus_profiles.py" line="146" time="0.001" /><testcase classname="tests.scm.config.security.test_wildfire_antivirus_profiles.TestWildfireAntivirusProfileAPI" name="test_update_wildfire_antivirus_profile" file="tests/scm/config/security/test_wildfire_antivirus_profiles.py" line="182" time="0.001" /><testcase classname="tests.scm.config.security.test_wildfire_antivirus_profiles.TestWildfireAntivirusProfileAPI" name="test_delete_wildfire_antivirus_profile" file="tests/scm/config/security/test_wildfire_antivirus_profiles.py" line="263" time="0.001" /><testcase classname="tests.scm.config.security.test_wildfire_antivirus_profiles.TestWildfireAntivirusProfileAPI" name="test_list_with_pagination" file="tests/scm/config/security/test_wildfire_antivirus_profiles.py" line="278" time="0.001" /><testcase classname="tests.scm.config.security.test_wildfire_antivirus_profiles.TestWildfireAntivirusProfileAPI" name="test_list_name_filter" file="tests/scm/config/security/test_wildfire_antivirus_profiles.py" line="317" time="0.001" /><testcase classname="tests.scm.config.security.test_wildfire_antivirus_profiles.TestWildfireAntivirusProfileAPI" name="test_fetch_basic_functionality" file="tests/scm/config/security/test_wildfire_antivirus_profiles.py" line="345" time="0.001" /><testcase classname="tests.scm.config.security.test_wildfire_antivirus_profiles.TestWildfireAntivirusProfileAPI" name="test_fetch_missing_name" file="tests/scm/config/security/test_wildfire_antivirus_profiles.py" line="368" time="0.001" /><testcase classname="tests.scm.config.security.test_wildfire_antivirus_profiles.TestWildfireAntivirusProfileAPI" name="test_fetch_container_params_initialization" file="tests/scm/config/security/test_wildfire_antivirus_profiles.py" line="382" time="0.001" /><testcase classname="tests.scm.config.security.test_wildfire_antivirus_profiles.TestWildfireAntivirusProfileAPI" name="test_fetch_provided_containers_validation" file="tests/scm/config/security/test_wildfire_antivirus_profiles.py" line="404" time="0.001" /><testcase classname="tests.scm.config.security.test_wildfire_antivirus_profiles.TestWildfireAntivirusProfileAPI" name="test_fetch_params_handling" file="tests/scm/config/security/test_wildfire_antivirus_profiles.py" line="437" time="0.001" /><testcase classname="tests.scm.config.security.test_wildfire_antivirus_profiles.TestWildfireAntivirusProfileAPI" name="test_fetch_api_call" file="tests/scm/config/security/test_wildfire_antivirus_profiles.py" line="470" time="0.001" /><testcase classname="tests.scm.config.security.test_wildfire_antivirus_profiles.TestWildfireAntivirusProfileAPI" name="test_fetch_response_handling" file="tests/scm/config/security/test_wildfire_antivirus_profiles.py" line="492" time="0.001" /><testcase classname="tests.scm.config.security.test_wildfire_antivirus_profiles.TestWildfireAntivirusProfileAPI" name="test_fetch_invalid_response" file="tests/scm/config/security/test_wildfire_antivirus_profiles.py" line="524" time="0.001" /><testcase classname="tests.scm.config.security.test_wildfire_antivirus_profiles.TestWildfireAntivirusProfileValidation" name="test_create_model_container_validation" file="tests/scm/config/security/test_wildfire_antivirus_profiles.py" line="543" time="0.001" /><testcase classname="tests.scm.config.security.test_wildfire_antivirus_profiles.TestWildfireAntivirusProfileValidation" name="test_rule_request_validation" file="tests/scm/config/security/test_wildfire_antivirus_profiles.py" line="569" time="0.001" /><testcase classname="tests.scm.config.security.test_wildfire_antivirus_profiles.TestWildfireAntivirusProfileValidation" name="test_list_validation" file="tests/scm/config/security/test_wildfire_antivirus_profiles.py" line="587" time="0.001" /><testcase classname="tests.scm.config.security.test_wildfire_antivirus_profiles.TestWildfireAntivirusProfileValidation" name="test_pagination_validation" file="tests/scm/config/security/test_wildfire_antivirus_profiles.py" line="596" time="0.001" /><testcase classname="tests.scm.config.security.test_wildfire_antivirus_profiles.TestWildfireAntivirusProfileValidation" name="test_response_model_id_validation" file="tests/scm/config/security/test_wildfire_antivirus_profiles.py" line="603" time="0.001" /><testcase classname="tests.scm.config.security.test_wildfire_antivirus_profiles.TestSuite" name="test_create_model_container_validation" file="tests/scm/config/security/test_wildfire_antivirus_profiles.py" line="543" time="0.001" /><testcase classname="tests.scm.config.security.test_wildfire_antivirus_profiles.TestSuite" name="test_rule_request_validation" file="tests/scm/config/security/test_wildfire_antivirus_profiles.py" line="569" time="0.001" /><testcase classname="tests.scm.config.security.test_wildfire_antivirus_profiles.TestSuite" name="test_list_validation" file="tests/scm/config/security/test_wildfire_antivirus_profiles.py" line="587" time="0.001" /><testcase classname="tests.scm.config.security.test_wildfire_antivirus_profiles.TestSuite" name="test_pagination_validation" file="tests/scm/config/security/test_wildfire_antivirus_profiles.py" line="596" time="0.001" /><testcase classname="tests.scm.config.security.test_wildfire_antivirus_profiles.TestSuite" name="test_response_model_id_validation" file="tests/scm/config/security/test_wildfire_antivirus_profiles.py" line="603" time="0.001" /><testcase classname="tests.scm.config.security.test_wildfire_antivirus_profiles.TestSuite" name="test_list_wildfire_antivirus_profiles" file="tests/scm/config/security/test_wildfire_antivirus_profiles.py" line="34" time="0.001" /><testcase classname="tests.scm.config.security.test_wildfire_antivirus_profiles.TestSuite" name="test_create_wildfire_antivirus_profile" file="tests/scm/config/security/test_wildfire_antivirus_profiles.py" line="92" time="0.001" /><testcase classname="tests.scm.config.security.test_wildfire_antivirus_profiles.TestSuite" name="test_get_wildfire_antivirus_profile" file="tests/scm/config/security/test_wildfire_antivirus_profiles.py" line="146" time="0.001" /><testcase classname="tests.scm.config.security.test_wildfire_antivirus_profiles.TestSuite" name="test_update_wildfire_antivirus_profile" file="tests/scm/config/security/test_wildfire_antivirus_profiles.py" line="182" time="0.001" /><testcase classname="tests.scm.config.security.test_wildfire_antivirus_profiles.TestSuite" name="test_delete_wildfire_antivirus_profile" file="tests/scm/config/security/test_wildfire_antivirus_profiles.py" line="263" time="0.001" /><testcase classname="tests.scm.config.security.test_wildfire_antivirus_profiles.TestSuite" name="test_list_with_pagination" file="tests/scm/config/security/test_wildfire_antivirus_profiles.py" line="278" time="0.001" /><testcase classname="tests.scm.config.security.test_wildfire_antivirus_profiles.TestSuite" name="test_list_name_filter" file="tests/scm/config/security/test_wildfire_antivirus_profiles.py" line="317" time="0.001" /><testcase classname="tests.scm.config.security.test_wildfire_antivirus_profiles.TestSuite" name="test_fetch_basic_functionality" file="tests/scm/config/security/test_wildfire_antivirus_profiles.py" line="345" time="0.001" /><testcase classname="tests.scm.config.security.test_wildfire_antivirus_profiles.TestSuite" name="test_fetch_missing_name" file="tests/scm/config/security/test_wildfire_antivirus_profiles.py" line="368" time="0.001" /><testcase classname="tests.scm.config.security.test_wildfire_antivirus_profiles.TestSuite" name="test_fetch_container_params_initialization" file="tests/scm/config/security/test_wildfire_antivirus_profiles.py" line="382" time="0.001" /><testcase classname="tests.scm.config.security.test_wildfire_antivirus_profiles.TestSuite" name="test_fetch_provided_containers_validation" file="tests/scm/config/security/test_wildfire_antivirus_profiles.py" line="404" time="0.001" /><testcase classname="tests.scm.config.security.test_wildfire_antivirus_profiles.TestSuite" name="test_fetch_params_handling" file="tests/scm/config/security/test_wildfire_antivirus_profiles.py" line="437" time="0.001" /><testcase classname="tests.scm.config.security.test_wildfire_antivirus_profiles.TestSuite" name="test_fetch_api_call" file="tests/scm/config/security/test_wildfire_antivirus_profiles.py" line="470" time="0.001" /><testcase classname="tests.scm.config.security.test_wildfire_antivirus_profiles.TestSuite" name="test_fetch_response_handling" file="tests/scm/config/security/test_wildfire_antivirus_profiles.py" line="492" time="0.001" /><testcase classname="tests.scm.config.security.test_wildfire_antivirus_profiles.TestSuite" name="test_fetch_invalid_response" file="tests/scm/config/security/test_wildfire_antivirus_profiles.py" line="524" time="0.001" /><testcase classname="tests.scm.config.test_base_object.TestBaseObject" name="test_initialization" file="tests/scm/config/test_base_object.py" line="27" time="0.001" /><testcase classname="tests.scm.config.test_base_object.TestBaseObject" name="test_create_method" file="tests/scm/config/test_base_object.py" line="37" time="0.001" /><testcase classname="tests.scm.config.test_base_object.TestBaseObject" name="test_get_method" file="tests/scm/config/test_base_object.py" line="58" time="0.001" /><testcase classname="tests.scm.config.test_base_object.TestBaseObject" name="test_update_method" file="tests/scm/config/test_base_object.py" line="78" time="0.001" /><testcase classname="tests.scm.config.test_base_object.TestBaseObject" name="test_delete_method" file="tests/scm/config/test_base_object.py" line="97" time="0.001" /><testcase classname="tests.scm.config.test_base_object.TestBaseObject" name="test_list_method" file="tests/scm/config/test_base_object.py" line="114" time="0.001" /><testcase classname="tests.scm.config.test_base_object.TestBaseObject" name="test_list_method_empty_response" file="tests/scm/config/test_base_object.py" line="145" time="0.001" /><testcase classname="tests.scm.config.test_base_object.TestBaseObject" name="test_update_method_missing_id" file="tests/scm/config/test_base_object.py" line="158" time="0.001" /><testcase classname="tests.scm.config.test_base_object.TestBaseObject" name="test_endpoint_inheritance" file="tests/scm/config/test_base_object.py" line="171" time="0.001" /><testcase classname="tests.scm.config.test_base_object.TestBaseObject" name="test_api_client_type_check" file="tests/scm/config/test_base_object.py" line="187" time="0.001" /><testcase classname="tests.scm.config.test_base_object.TestBaseObject" name="test_create_method_payload_validation" file="tests/scm/config/test_base_object.py" line="200" time="0.001" /><testcase classname="tests.scm.exceptions.test_exceptions.TestErrorResponse" name="test_from_response_raises_value_error" file="tests/scm/exceptions/test_exceptions.py" line="11" time="0.001" /><testcase classname="tests.scm.exceptions.test_exceptions.TestErrorResponse" name="test_from_response_success" file="tests/scm/exceptions/test_exceptions.py" line="25" time="0.000" /><testcase classname="tests.scm.exceptions.test_exceptions.TestAPIError" name="test_from_error_response" file="tests/scm/exceptions/test_exceptions.py" line="47" time="0.000" /><testcase classname="tests.scm.exceptions.test_exceptions.TestAPIError" name="test_api_error_initialization" file="tests/scm/exceptions/test_exceptions.py" line="64" time="0.000" /><testcase classname="tests.scm.exceptions.test_exceptions.TestErrorHandler" name="test_raise_for_error_invalid_format" file="tests/scm/exceptions/test_exceptions.py" line="88" time="0.000" /><testcase classname="tests.scm.exceptions.test_exceptions.TestErrorHandler" name="test_raise_for_error_no_exception_class" file="tests/scm/exceptions/test_exceptions.py" line="93" time="0.000" /><testcase classname="tests.scm.exceptions.test_exceptions.TestErrorHandler" name="test_raise_for_error_with_details_message" file="tests/scm/exceptions/test_exceptions.py" line="113" time="0.000" /><testcase classname="tests.scm.exceptions.test_exceptions.TestErrorHandler" name="test_raise_for_error_fallback_message" file="tests/scm/exceptions/test_exceptions.py" line="130" time="0.000" /><testcase classname="tests.scm.exceptions.test_exceptions.TestErrorHandler" name="test_reference_not_zero_error_handling" file="tests/scm/exceptions/test_exceptions.py" line="143" time="0.000" /><testcase classname="tests.scm.test_auth" name="test_decode_token_success" file="tests/scm/test_auth.py" line="46" time="0.001" /><testcase classname="tests.scm.test_auth" name="test_decode_token_expired" file="tests/scm/test_auth.py" line="58" time="0.002" /><testcase classname="tests.scm.test_auth" name="test_is_expired_false" file="tests/scm/test_auth.py" line="64" time="0.002" /><testcase classname="tests.scm.test_auth" name="test_is_expired_true" file="tests/scm/test_auth.py" line="69" time="0.001" /><testcase classname="tests.scm.test_auth" name="test_refresh_token_success" file="tests/scm/test_auth.py" line="74" time="0.002" /><testcase classname="tests.scm.test_auth" name="test_refresh_token_exception" file="tests/scm/test_auth.py" line="100" time="0.001" /><testcase classname="tests.scm.test_auth" name="test_auth_request_model_with_scope" file="tests/scm/test_auth.py" line="109" time="0.000" /><testcase classname="tests.scm.test_auth" name="test_auth_request_model_scope_construction" file="tests/scm/test_auth.py" line="121" time="0.000" /><testcase classname="tests.scm.test_auth" name="test_auth_request_model_missing_tsg_id" file="tests/scm/test_auth.py" line="131" time="0.000" /><testcase classname="tests.scm.test_auth" name="test_auth_request_model_default_token_url" file="tests/scm/test_auth.py" line="141" time="0.000" /><testcase classname="tests.scm.test_auth" name="test_auth_request_model_custom_token_url" file="tests/scm/test_auth.py" line="154" time="0.000" /><testcase classname="tests.scm.test_client" name="test_scm_init_value_error" file="tests/scm/test_client.py" line="26" time="0.000" /><testcase classname="tests.scm.test_client" name="test_request_http_error" file="tests/scm/test_client.py" line="37" time="0.001" /><testcase classname="tests.scm.test_client" name="test_request_general_exception" file="tests/scm/test_client.py" line="59" time="0.001" /><testcase classname="tests.scm.test_client" name="test_handle_api_error" file="tests/scm/test_client.py" line="71" time="0.002" /><testcase classname="tests.scm.test_client" name="test_handle_api_error_unknown_status" file="tests/scm/test_client.py" line="211" time="0.000" /><testcase classname="tests.scm.test_client" name="test_get_method" file="tests/scm/test_client.py" line="229" time="0.001" /><testcase classname="tests.scm.test_client" name="test_post_method_token_refresh" file="tests/scm/test_client.py" line="243" time="0.001" /><testcase classname="tests.scm.test_client" name="test_request_http_error_no_content" file="tests/scm/test_client.py" line="259" time="0.001" /><testcase classname="tests.scm.test_client" name="test_request_success" file="tests/scm/test_client.py" line="277" time="0.002" /><testcase classname="tests.scm.test_client" name="test_get_method_token_refresh" file="tests/scm/test_client.py" line="295" time="0.001" /><testcase classname="tests.scm.test_client" name="test_put_method_token_refresh" file="tests/scm/test_client.py" line="311" time="0.001" /><testcase classname="tests.scm.test_client" name="test_delete_method_token_refresh" file="tests/scm/test_client.py" line="327" time="0.001" /><testcase classname="tests.scm.test_client" name="test_request_json_exception" file="tests/scm/test_client.py" line="341" time="0.002" /><testcase classname="tests.scm.test_client" name="test_request_empty_response" file="tests/scm/test_client.py" line="357" time="0.001" /><testcase classname="tests.scm.test_client" name="test_handle_api_error_details_list" file="tests/scm/test_client.py" line="375" time="0.000" /><testcase classname="tests.scm.test_client" name="test_handle_api_error_object_not_present" file="tests/scm/test_client.py" line="396" time="0.000" /><testcase classname="tests.scm.test_client" name="test_handle_api_error_operation_impossible" file="tests/scm/test_client.py" line="416" time="0.000" /><testcase classname="tests.scm.test_client" name="test_handle_api_error_object_already_exists" file="tests/scm/test_client.py" line="436" time="0.000" /><testcase classname="tests.scm.test_client" name="test_handle_api_error_malformed_command" file="tests/scm/test_client.py" line="456" time="0.000" /><testcase classname="tests.scm.test_client" name="test_handle_api_error_empty_field" file="tests/scm/test_client.py" line="476" time="0.000" /></testsuite></testsuites>